000 (14650.000.000) 03/30 15:18:26 Job submitted from host: <10.37.0.3:9618?addrs=10.37.0.3-9618+[--1]-9618&noUDP&sock=976_0886_3>
...
001 (14650.000.000) 03/30 17:13:32 Job executing on host: <10.37.0.234:9618?addrs=10.37.0.234-9618+[--1]-9618&noUDP&sock=2283_86ce_3>
...
007 (14650.000.000) 03/30 17:13:32 Shadow exception!
	Error from v100d2.cs.cityu.edu.hk: Failed to execute '/home/grads/hzhang339/YOPO-You-Only-Propagate-Once/cifar100-res18.sh': (errno=13: 'Permission denied')
	0  -  Run Bytes Sent By Job
	0  -  Run Bytes Received By Job
...
012 (14650.000.000) 03/30 17:13:32 Job was held.
	Error from v100d2.cs.cityu.edu.hk: Failed to execute '/home/grads/hzhang339/YOPO-You-Only-Propagate-Once/cifar100-res18.sh': (errno=13: 'Permission denied')
	Code 6 Subcode 13
...
009 (14650.000.000) 03/30 18:00:29 Job was aborted by the user.
	via condor_rm (by user hzhang339)
...
000 (14654.000.000) 03/30 18:00:50 Job submitted from host: <10.37.0.3:9618?addrs=10.37.0.3-9618+[--1]-9618&noUDP&sock=976_0886_3>
...
001 (14654.000.000) 03/30 18:23:54 Job executing on host: <10.37.0.239:9618?addrs=10.37.0.239-9618+[--1]-9618&noUDP&sock=1448_c939_3>
...
007 (14654.000.000) 03/30 18:23:54 Shadow exception!
	Error from v100d7.cs.cityu.edu.hk: Failed to execute '/home/grads/hzhang339/YOPO-You-Only-Propagate-Once/cifar100-res18.sh': (errno=8: 'Exec format error')
	0  -  Run Bytes Sent By Job
	0  -  Run Bytes Received By Job
...
012 (14654.000.000) 03/30 18:23:54 Job was held.
	Error from v100d7.cs.cityu.edu.hk: Failed to execute '/home/grads/hzhang339/YOPO-You-Only-Propagate-Once/cifar100-res18.sh': (errno=8: 'Exec format error')
	Code 6 Subcode 8
...
009 (14654.000.000) 03/30 19:03:17 Job was aborted by the user.
	via condor_rm (by user hzhang339)
...
000 (17795.000.000) 03/31 15:23:32 Job submitted from host: <10.37.0.9:9618?addrs=10.37.0.9-9618+[--1]-9618&noUDP&sock=986_e478_3>
...
001 (17795.000.000) 03/31 16:05:00 Job executing on host: <10.37.0.63:9618?addrs=10.37.0.63-9618+[--1]-9618&noUDP&sock=1796_7c2e_3>
...
006 (17795.000.000) 03/31 16:05:09 Image size of job updated: 1441200
	1246  -  MemoryUsage of job (MB)
	1275512  -  ResidentSetSize of job (KB)
...
006 (17795.000.000) 03/31 16:15:10 Image size of job updated: 1664648
	1456  -  MemoryUsage of job (MB)
	1490604  -  ResidentSetSize of job (KB)
...
006 (17795.000.000) 03/31 16:35:12 Image size of job updated: 1665140
	1456  -  MemoryUsage of job (MB)
	1490604  -  ResidentSetSize of job (KB)
...
006 (17795.000.000) 03/31 17:40:18 Image size of job updated: 1665312
	1456  -  MemoryUsage of job (MB)
	1490604  -  ResidentSetSize of job (KB)
...
006 (17795.000.000) 03/31 17:50:19 Image size of job updated: 1665404
	1456  -  MemoryUsage of job (MB)
	1490748  -  ResidentSetSize of job (KB)
...
006 (17795.000.000) 03/31 18:35:24 Image size of job updated: 1665516
	1456  -  MemoryUsage of job (MB)
	1490792  -  ResidentSetSize of job (KB)
...
006 (17795.000.000) 03/31 21:15:40 Image size of job updated: 1666048
	1457  -  MemoryUsage of job (MB)
	1491324  -  ResidentSetSize of job (KB)
...
006 (17795.000.000) 03/31 21:35:42 Image size of job updated: 1666052
	1457  -  MemoryUsage of job (MB)
	1491328  -  ResidentSetSize of job (KB)
...
006 (17795.000.000) 03/31 22:00:44 Image size of job updated: 1672112
	1462  -  MemoryUsage of job (MB)
	1496200  -  ResidentSetSize of job (KB)
...
006 (17795.000.000) 03/31 22:25:47 Image size of job updated: 1675196
	1465  -  MemoryUsage of job (MB)
	1499212  -  ResidentSetSize of job (KB)
...
006 (17795.000.000) 03/31 22:40:48 Image size of job updated: 1675616
	1465  -  MemoryUsage of job (MB)
	1499616  -  ResidentSetSize of job (KB)
...
006 (17795.000.000) 03/31 22:45:49 Image size of job updated: 1676672
	1466  -  MemoryUsage of job (MB)
	1500672  -  ResidentSetSize of job (KB)
...
006 (17795.000.000) 03/31 23:15:59 Image size of job updated: 1677432
	1467  -  MemoryUsage of job (MB)
	1501432  -  ResidentSetSize of job (KB)
...
006 (17795.000.000) 03/31 23:56:03 Image size of job updated: 1678992
	1468  -  MemoryUsage of job (MB)
	1502992  -  ResidentSetSize of job (KB)
...
005 (17795.000.000) 04/01 07:28:26 Job terminated.
	(1) Normal termination (return value 1)
		Usr 0 11:37:29, Sys 0 03:59:21  -  Run Remote Usage
		Usr 0 00:00:00, Sys 0 00:00:00  -  Run Local Usage
		Usr 0 11:37:29, Sys 0 03:59:21  -  Total Remote Usage
		Usr 0 00:00:00, Sys 0 00:00:00  -  Total Local Usage
	0  -  Run Bytes Sent By Job
	0  -  Run Bytes Received By Job
	0  -  Total Bytes Sent By Job
	0  -  Total Bytes Received By Job
	Partitionable Resources :    Usage  Request Allocated
	   Cpus                 :                 1         3
	   Disk (KB)            :        2        2  86406636
	   Gpus                 :                           1
	   Memory (MB)          :     1468        1     64465
...
000 (17824.000.000) 04/01 10:49:28 Job submitted from host: <10.37.0.9:9618?addrs=10.37.0.9-9618+[--1]-9618&noUDP&sock=986_e478_3>
...
001 (17824.000.000) 04/01 10:49:28 Job executing on host: <10.37.0.63:9618?addrs=10.37.0.63-9618+[--1]-9618&noUDP&sock=1796_7c2e_3>
...
006 (17824.000.000) 04/01 10:49:38 Image size of job updated: 1388620
	1167  -  MemoryUsage of job (MB)
	1194028  -  ResidentSetSize of job (KB)
...
006 (17824.000.000) 04/01 10:54:39 Image size of job updated: 1725988
	1462  -  MemoryUsage of job (MB)
	1496708  -  ResidentSetSize of job (KB)
...
006 (17824.000.000) 04/01 22:00:44 Image size of job updated: 1727992
	1462  -  MemoryUsage of job (MB)
	1496708  -  ResidentSetSize of job (KB)
...
006 (17824.000.000) 04/01 22:05:45 Image size of job updated: 1728476
	1462  -  MemoryUsage of job (MB)
	1496708  -  ResidentSetSize of job (KB)
...
006 (17824.000.000) 04/02 03:41:24 Image size of job updated: 1729436
	1462  -  MemoryUsage of job (MB)
	1496708  -  ResidentSetSize of job (KB)
...
006 (17824.000.000) 04/02 06:51:44 Image size of job updated: 1733512
	1465  -  MemoryUsage of job (MB)
	1499940  -  ResidentSetSize of job (KB)
...
006 (17824.000.000) 04/02 07:06:46 Image size of job updated: 1734808
	1465  -  MemoryUsage of job (MB)
	1499940  -  ResidentSetSize of job (KB)
...
006 (17824.000.000) 04/02 07:11:46 Image size of job updated: 1734808
	1466  -  MemoryUsage of job (MB)
	1500352  -  ResidentSetSize of job (KB)
...
006 (17824.000.000) 04/02 07:21:48 Image size of job updated: 1734808
	1466  -  MemoryUsage of job (MB)
	1500396  -  ResidentSetSize of job (KB)
...
006 (17824.000.000) 04/02 08:21:54 Image size of job updated: 1734808
	1467  -  MemoryUsage of job (MB)
	1501252  -  ResidentSetSize of job (KB)
...
006 (17824.000.000) 04/02 08:41:56 Image size of job updated: 1735056
	1467  -  MemoryUsage of job (MB)
	1501548  -  ResidentSetSize of job (KB)
...
