000 (17807.000.000) 03/31 20:22:57 Job submitted from host: <10.37.0.9:9618?addrs=10.37.0.9-9618+[--1]-9618&noUDP&sock=986_e478_3>
...
001 (17807.000.000) 03/31 22:25:41 Job executing on host: <10.37.0.62:9618?addrs=10.37.0.62-9618+[--1]-9618&noUDP&sock=1799_8af7_3>
...
006 (17807.000.000) 03/31 22:25:50 Image size of job updated: 1752720
	1386  -  MemoryUsage of job (MB)
	1418588  -  ResidentSetSize of job (KB)
...
006 (17807.000.000) 03/31 22:30:50 Image size of job updated: 1855044
	1471  -  MemoryUsage of job (MB)
	1506204  -  ResidentSetSize of job (KB)
...
006 (17807.000.000) 03/31 22:45:52 Image size of job updated: 1855960
	1472  -  MemoryUsage of job (MB)
	1506592  -  ResidentSetSize of job (KB)
...
006 (17807.000.000) 03/31 22:50:52 Image size of job updated: 1860024
	1476  -  MemoryUsage of job (MB)
	1510656  -  ResidentSetSize of job (KB)
...
006 (17807.000.000) 03/31 22:55:52 Image size of job updated: 1861800
	1477  -  MemoryUsage of job (MB)
	1512432  -  ResidentSetSize of job (KB)
...
006 (17807.000.000) 03/31 23:41:05 Image size of job updated: 1861820
	1478  -  MemoryUsage of job (MB)
	1512452  -  ResidentSetSize of job (KB)
...
006 (17807.000.000) 03/31 23:46:06 Image size of job updated: 1862540
	1478  -  MemoryUsage of job (MB)
	1513172  -  ResidentSetSize of job (KB)
...
006 (17807.000.000) 04/01 00:26:10 Image size of job updated: 1863100
	1478  -  MemoryUsage of job (MB)
	1513172  -  ResidentSetSize of job (KB)
...
006 (17807.000.000) 04/01 00:31:10 Image size of job updated: 1863980
	1478  -  MemoryUsage of job (MB)
	1513232  -  ResidentSetSize of job (KB)
...
006 (17807.000.000) 04/01 05:01:38 Image size of job updated: 1903520
	1517  -  MemoryUsage of job (MB)
	1552748  -  ResidentSetSize of job (KB)
...
005 (17807.000.000) 04/01 07:28:32 Job terminated.
	(1) Normal termination (return value 1)
		Usr 0 06:48:01, Sys 0 02:24:05  -  Run Remote Usage
		Usr 0 00:00:00, Sys 0 00:00:00  -  Run Local Usage
		Usr 0 06:48:01, Sys 0 02:24:05  -  Total Remote Usage
		Usr 0 00:00:00, Sys 0 00:00:00  -  Total Local Usage
	0  -  Run Bytes Sent By Job
	0  -  Run Bytes Received By Job
	0  -  Total Bytes Sent By Job
	0  -  Total Bytes Received By Job
	Partitionable Resources :    Usage  Request Allocated
	   Cpus                 :                 1         3
	   Disk (KB)            :        2        2 101859354
	   Gpus                 :                           1
	   Memory (MB)          :     1517        1     64465
...
000 (17827.000.000) 04/01 10:50:52 Job submitted from host: <10.37.0.9:9618?addrs=10.37.0.9-9618+[--1]-9618&noUDP&sock=986_e478_3>
...
001 (17827.000.000) 04/01 10:50:52 Job executing on host: <10.37.0.63:9618?addrs=10.37.0.63-9618+[--1]-9618&noUDP&sock=1796_7c2e_3>
...
006 (17827.000.000) 04/01 10:51:01 Image size of job updated: 1507056
	1465  -  MemoryUsage of job (MB)
	1499836  -  ResidentSetSize of job (KB)
...
006 (17827.000.000) 04/01 10:56:03 Image size of job updated: 1515648
	1473  -  MemoryUsage of job (MB)
	1507400  -  ResidentSetSize of job (KB)
...
006 (17827.000.000) 04/01 11:01:03 Image size of job updated: 1517016
	1474  -  MemoryUsage of job (MB)
	1508768  -  ResidentSetSize of job (KB)
...
006 (17827.000.000) 04/01 11:06:03 Image size of job updated: 1517152
	1474  -  MemoryUsage of job (MB)
	1508904  -  ResidentSetSize of job (KB)
...
006 (17827.000.000) 04/01 17:31:40 Image size of job updated: 1559576
	1515  -  MemoryUsage of job (MB)
	1551328  -  ResidentSetSize of job (KB)
...
006 (17827.000.000) 04/01 17:36:40 Image size of job updated: 1559652
	1516  -  MemoryUsage of job (MB)
	1551404  -  ResidentSetSize of job (KB)
...
006 (17827.000.000) 04/02 02:02:37 Image size of job updated: 1578008
	1533  -  MemoryUsage of job (MB)
	1569760  -  ResidentSetSize of job (KB)
...
006 (17827.000.000) 04/02 02:07:37 Image size of job updated: 1578064
	1534  -  MemoryUsage of job (MB)
	1569816  -  ResidentSetSize of job (KB)
...
