/home/grads/hzhang339/YOPO-server2/experiments/CIFAR10/pre-res18.natural/
Adding /home/grads/hzhang339/YOPO-server2/lib
Files already downloaded and verified
Files already downloaded and verified
Adding /home/grads/hzhang339/YOPO-server2/lib
Files already downloaded and verified
Files already downloaded and verified
Overwriting /home/grads/hzhang339/YOPO-server2/experiments/CIFAR10/pre-res18.natural/log/models/epoch-1.checkpoint
Overwriting /home/grads/hzhang339/YOPO-server2/experiments/CIFAR10/pre-res18.natural/log/models/epoch-2.checkpoint
Overwriting /home/grads/hzhang339/YOPO-server2/experiments/CIFAR10/pre-res18.natural/log/models/epoch-3.checkpoint
Overwriting /home/grads/hzhang339/YOPO-server2/experiments/CIFAR10/pre-res18.natural/log/models/epoch-4.checkpoint
Overwriting /home/grads/hzhang339/YOPO-server2/experiments/CIFAR10/pre-res18.natural/log/models/epoch-5.checkpoint
Overwriting /home/grads/hzhang339/YOPO-server2/experiments/CIFAR10/pre-res18.natural/log/models/epoch-6.checkpoint
Overwriting /home/grads/hzhang339/YOPO-server2/experiments/CIFAR10/pre-res18.natural/log/models/epoch-7.checkpoint
Overwriting /home/grads/hzhang339/YOPO-server2/experiments/CIFAR10/pre-res18.natural/log/models/epoch-8.checkpoint
Overwriting /home/grads/hzhang339/YOPO-server2/experiments/CIFAR10/pre-res18.natural/log/models/epoch-9.checkpoint
Overwriting /home/grads/hzhang339/YOPO-server2/experiments/CIFAR10/pre-res18.natural/log/models/epoch-10.checkpoint
Overwriting /home/grads/hzhang339/YOPO-server2/experiments/CIFAR10/pre-res18.natural/log/models/epoch-11.checkpoint
Overwriting /home/grads/hzhang339/YOPO-server2/experiments/CIFAR10/pre-res18.natural/log/models/epoch-12.checkpoint
Overwriting /home/grads/hzhang339/YOPO-server2/experiments/CIFAR10/pre-res18.natural/log/models/epoch-13.checkpoint
Overwriting /home/grads/hzhang339/YOPO-server2/experiments/CIFAR10/pre-res18.natural/log/models/epoch-14.checkpoint
Overwriting /home/grads/hzhang339/YOPO-server2/experiments/CIFAR10/pre-res18.natural/log/models/epoch-15.checkpoint
Overwriting /home/grads/hzhang339/YOPO-server2/experiments/CIFAR10/pre-res18.natural/log/models/epoch-16.checkpoint
Overwriting /home/grads/hzhang339/YOPO-server2/experiments/CIFAR10/pre-res18.natural/log/models/epoch-17.checkpoint
Overwriting /home/grads/hzhang339/YOPO-server2/experiments/CIFAR10/pre-res18.natural/log/models/epoch-18.checkpoint
Overwriting /home/grads/hzhang339/YOPO-server2/experiments/CIFAR10/pre-res18.natural/log/models/epoch-19.checkpoint
Overwriting /home/grads/hzhang339/YOPO-server2/experiments/CIFAR10/pre-res18.natural/log/models/epoch-20.checkpoint
Overwriting /home/grads/hzhang339/YOPO-server2/experiments/CIFAR10/pre-res18.natural/log/models/epoch-21.checkpoint
Overwriting /home/grads/hzhang339/YOPO-server2/experiments/CIFAR10/pre-res18.natural/log/models/epoch-22.checkpoint
Overwriting /home/grads/hzhang339/YOPO-server2/experiments/CIFAR10/pre-res18.natural/log/models/epoch-23.checkpoint
Overwriting /home/grads/hzhang339/YOPO-server2/experiments/CIFAR10/pre-res18.natural/log/models/epoch-24.checkpoint
Overwriting /home/grads/hzhang339/YOPO-server2/experiments/CIFAR10/pre-res18.natural/log/models/epoch-25.checkpoint
Overwriting /home/grads/hzhang339/YOPO-server2/experiments/CIFAR10/pre-res18.natural/log/models/epoch-26.checkpoint
Overwriting /home/grads/hzhang339/YOPO-server2/experiments/CIFAR10/pre-res18.natural/log/models/epoch-27.checkpoint
Overwriting /home/grads/hzhang339/YOPO-server2/experiments/CIFAR10/pre-res18.natural/log/models/epoch-28.checkpoint
Overwriting /home/grads/hzhang339/YOPO-server2/experiments/CIFAR10/pre-res18.natural/log/models/epoch-29.checkpoint
Overwriting /home/grads/hzhang339/YOPO-server2/experiments/CIFAR10/pre-res18.natural/log/models/epoch-30.checkpoint
Overwriting /home/grads/hzhang339/YOPO-server2/experiments/CIFAR10/pre-res18.natural/log/models/epoch-31.checkpoint
Overwriting /home/grads/hzhang339/YOPO-server2/experiments/CIFAR10/pre-res18.natural/log/models/epoch-32.checkpoint
Overwriting /home/grads/hzhang339/YOPO-server2/experiments/CIFAR10/pre-res18.natural/log/models/epoch-33.checkpoint
Overwriting /home/grads/hzhang339/YOPO-server2/experiments/CIFAR10/pre-res18.natural/log/models/epoch-34.checkpoint
Overwriting /home/grads/hzhang339/YOPO-server2/experiments/CIFAR10/pre-res18.natural/log/models/epoch-35.checkpoint
Overwriting /home/grads/hzhang339/YOPO-server2/experiments/CIFAR10/pre-res18.natural/log/models/epoch-36.checkpoint
Overwriting /home/grads/hzhang339/YOPO-server2/experiments/CIFAR10/pre-res18.natural/log/models/epoch-37.checkpoint
Overwriting /home/grads/hzhang339/YOPO-server2/experiments/CIFAR10/pre-res18.natural/log/models/epoch-38.checkpoint
Overwriting /home/grads/hzhang339/YOPO-server2/experiments/CIFAR10/pre-res18.natural/log/models/epoch-39.checkpoint
Overwriting /home/grads/hzhang339/YOPO-server2/experiments/CIFAR10/pre-res18.natural/log/models/epoch-40.checkpoint
Overwriting /home/grads/hzhang339/YOPO-server2/experiments/CIFAR10/pre-res18.natural/log/models/epoch-41.checkpoint
Overwriting /home/grads/hzhang339/YOPO-server2/experiments/CIFAR10/pre-res18.natural/log/models/epoch-42.checkpoint
Overwriting /home/grads/hzhang339/YOPO-server2/experiments/CIFAR10/pre-res18.natural/log/models/epoch-43.checkpoint
Overwriting /home/grads/hzhang339/YOPO-server2/experiments/CIFAR10/pre-res18.natural/log/models/epoch-44.checkpoint
Overwriting /home/grads/hzhang339/YOPO-server2/experiments/CIFAR10/pre-res18.natural/log/models/epoch-45.checkpoint
Overwriting /home/grads/hzhang339/YOPO-server2/experiments/CIFAR10/pre-res18.natural/log/models/epoch-46.checkpoint
Overwriting /home/grads/hzhang339/YOPO-server2/experiments/CIFAR10/pre-res18.natural/log/models/epoch-47.checkpoint
Overwriting /home/grads/hzhang339/YOPO-server2/experiments/CIFAR10/pre-res18.natural/log/models/epoch-48.checkpoint
Overwriting /home/grads/hzhang339/YOPO-server2/experiments/CIFAR10/pre-res18.natural/log/models/epoch-49.checkpoint
Overwriting /home/grads/hzhang339/YOPO-server2/experiments/CIFAR10/pre-res18.natural/log/models/epoch-50.checkpoint
Overwriting /home/grads/hzhang339/YOPO-server2/experiments/CIFAR10/pre-res18.natural/log/models/epoch-51.checkpoint
Overwriting /home/grads/hzhang339/YOPO-server2/experiments/CIFAR10/pre-res18.natural/log/models/epoch-52.checkpoint
Overwriting /home/grads/hzhang339/YOPO-server2/experiments/CIFAR10/pre-res18.natural/log/models/epoch-53.checkpoint
Overwriting /home/grads/hzhang339/YOPO-server2/experiments/CIFAR10/pre-res18.natural/log/models/epoch-54.checkpoint
Overwriting /home/grads/hzhang339/YOPO-server2/experiments/CIFAR10/pre-res18.natural/log/models/epoch-55.checkpoint
Overwriting /home/grads/hzhang339/YOPO-server2/experiments/CIFAR10/pre-res18.natural/log/models/epoch-56.checkpoint
Overwriting /home/grads/hzhang339/YOPO-server2/experiments/CIFAR10/pre-res18.natural/log/models/epoch-57.checkpoint
Overwriting /home/grads/hzhang339/YOPO-server2/experiments/CIFAR10/pre-res18.natural/log/models/epoch-58.checkpoint
Overwriting /home/grads/hzhang339/YOPO-server2/experiments/CIFAR10/pre-res18.natural/log/models/epoch-59.checkpoint
Overwriting /home/grads/hzhang339/YOPO-server2/experiments/CIFAR10/pre-res18.natural/log/models/epoch-60.checkpoint
Overwriting /home/grads/hzhang339/YOPO-server2/experiments/CIFAR10/pre-res18.natural/log/models/epoch-61.checkpoint
Overwriting /home/grads/hzhang339/YOPO-server2/experiments/CIFAR10/pre-res18.natural/log/models/epoch-62.checkpoint
Overwriting /home/grads/hzhang339/YOPO-server2/experiments/CIFAR10/pre-res18.natural/log/models/epoch-63.checkpoint
Overwriting /home/grads/hzhang339/YOPO-server2/experiments/CIFAR10/pre-res18.natural/log/models/epoch-64.checkpoint
Overwriting /home/grads/hzhang339/YOPO-server2/experiments/CIFAR10/pre-res18.natural/log/models/epoch-65.checkpoint
Overwriting /home/grads/hzhang339/YOPO-server2/experiments/CIFAR10/pre-res18.natural/log/models/epoch-66.checkpoint
Overwriting /home/grads/hzhang339/YOPO-server2/experiments/CIFAR10/pre-res18.natural/log/models/epoch-67.checkpoint
Overwriting /home/grads/hzhang339/YOPO-server2/experiments/CIFAR10/pre-res18.natural/log/models/epoch-68.checkpoint
Overwriting /home/grads/hzhang339/YOPO-server2/experiments/CIFAR10/pre-res18.natural/log/models/epoch-69.checkpoint
Overwriting /home/grads/hzhang339/YOPO-server2/experiments/CIFAR10/pre-res18.natural/log/models/epoch-70.checkpoint
Overwriting /home/grads/hzhang339/YOPO-server2/experiments/CIFAR10/pre-res18.natural/log/models/epoch-71.checkpoint
Overwriting /home/grads/hzhang339/YOPO-server2/experiments/CIFAR10/pre-res18.natural/log/models/epoch-72.checkpoint
Overwriting /home/grads/hzhang339/YOPO-server2/experiments/CIFAR10/pre-res18.natural/log/models/epoch-73.checkpoint
Overwriting /home/grads/hzhang339/YOPO-server2/experiments/CIFAR10/pre-res18.natural/log/models/epoch-74.checkpoint
Overwriting /home/grads/hzhang339/YOPO-server2/experiments/CIFAR10/pre-res18.natural/log/models/epoch-75.checkpoint
Overwriting /home/grads/hzhang339/YOPO-server2/experiments/CIFAR10/pre-res18.natural/log/models/epoch-76.checkpoint
Overwriting /home/grads/hzhang339/YOPO-server2/experiments/CIFAR10/pre-res18.natural/log/models/epoch-77.checkpoint
Overwriting /home/grads/hzhang339/YOPO-server2/experiments/CIFAR10/pre-res18.natural/log/models/epoch-78.checkpoint
Overwriting /home/grads/hzhang339/YOPO-server2/experiments/CIFAR10/pre-res18.natural/log/models/epoch-79.checkpoint
Overwriting /home/grads/hzhang339/YOPO-server2/experiments/CIFAR10/pre-res18.natural/log/models/epoch-80.checkpoint
Overwriting /home/grads/hzhang339/YOPO-server2/experiments/CIFAR10/pre-res18.natural/log/models/epoch-81.checkpoint
Overwriting /home/grads/hzhang339/YOPO-server2/experiments/CIFAR10/pre-res18.natural/log/models/epoch-82.checkpoint
Overwriting /home/grads/hzhang339/YOPO-server2/experiments/CIFAR10/pre-res18.natural/log/models/epoch-83.checkpoint
Overwriting /home/grads/hzhang339/YOPO-server2/experiments/CIFAR10/pre-res18.natural/log/models/epoch-84.checkpoint
Overwriting /home/grads/hzhang339/YOPO-server2/experiments/CIFAR10/pre-res18.natural/log/models/epoch-85.checkpoint
Overwriting /home/grads/hzhang339/YOPO-server2/experiments/CIFAR10/pre-res18.natural/log/models/epoch-86.checkpoint
Overwriting /home/grads/hzhang339/YOPO-server2/experiments/CIFAR10/pre-res18.natural/log/models/epoch-87.checkpoint
Overwriting /home/grads/hzhang339/YOPO-server2/experiments/CIFAR10/pre-res18.natural/log/models/epoch-88.checkpoint
Overwriting /home/grads/hzhang339/YOPO-server2/experiments/CIFAR10/pre-res18.natural/log/models/epoch-89.checkpoint
Overwriting /home/grads/hzhang339/YOPO-server2/experiments/CIFAR10/pre-res18.natural/log/models/epoch-90.checkpoint
Overwriting /home/grads/hzhang339/YOPO-server2/experiments/CIFAR10/pre-res18.natural/log/models/epoch-91.checkpoint
Overwriting /home/grads/hzhang339/YOPO-server2/experiments/CIFAR10/pre-res18.natural/log/models/epoch-92.checkpoint
Overwriting /home/grads/hzhang339/YOPO-server2/experiments/CIFAR10/pre-res18.natural/log/models/epoch-93.checkpoint
Overwriting /home/grads/hzhang339/YOPO-server2/experiments/CIFAR10/pre-res18.natural/log/models/epoch-94.checkpoint
Overwriting /home/grads/hzhang339/YOPO-server2/experiments/CIFAR10/pre-res18.natural/log/models/epoch-95.checkpoint
Overwriting /home/grads/hzhang339/YOPO-server2/experiments/CIFAR10/pre-res18.natural/log/models/epoch-96.checkpoint
Overwriting /home/grads/hzhang339/YOPO-server2/experiments/CIFAR10/pre-res18.natural/log/models/epoch-97.checkpoint
Overwriting /home/grads/hzhang339/YOPO-server2/experiments/CIFAR10/pre-res18.natural/log/models/epoch-98.checkpoint
Overwriting /home/grads/hzhang339/YOPO-server2/experiments/CIFAR10/pre-res18.natural/log/models/epoch-99.checkpoint
Overwriting /home/grads/hzhang339/YOPO-server2/experiments/CIFAR10/pre-res18.natural/log/models/epoch-100.checkpoint
Overwriting /home/grads/hzhang339/YOPO-server2/experiments/CIFAR10/pre-res18.natural/log/models/epoch-101.checkpoint
Overwriting /home/grads/hzhang339/YOPO-server2/experiments/CIFAR10/pre-res18.natural/log/models/epoch-102.checkpoint
Overwriting /home/grads/hzhang339/YOPO-server2/experiments/CIFAR10/pre-res18.natural/log/models/epoch-103.checkpoint
Overwriting /home/grads/hzhang339/YOPO-server2/experiments/CIFAR10/pre-res18.natural/log/models/epoch-104.checkpoint
Overwriting /home/grads/hzhang339/YOPO-server2/experiments/CIFAR10/pre-res18.natural/log/models/epoch-105.checkpoint
Overwriting /home/grads/hzhang339/YOPO-server2/experiments/CIFAR10/pre-res18.natural/log/models/epoch-106.checkpoint
Adding /home/grads/hzhang339/YOPO-server2/lib
Files already downloaded and verified
Files already downloaded and verified
Overwriting /home/grads/hzhang339/YOPO-server2/experiments/CIFAR10/pre-res18.natural/log/models/epoch-1.checkpoint
Overwriting /home/grads/hzhang339/YOPO-server2/experiments/CIFAR10/pre-res18.natural/log/models/epoch-2.checkpoint
Overwriting /home/grads/hzhang339/YOPO-server2/experiments/CIFAR10/pre-res18.natural/log/models/epoch-3.checkpoint
Overwriting /home/grads/hzhang339/YOPO-server2/experiments/CIFAR10/pre-res18.natural/log/models/epoch-4.checkpoint
Overwriting /home/grads/hzhang339/YOPO-server2/experiments/CIFAR10/pre-res18.natural/log/models/epoch-5.checkpoint
Overwriting /home/grads/hzhang339/YOPO-server2/experiments/CIFAR10/pre-res18.natural/log/models/epoch-6.checkpoint
Overwriting /home/grads/hzhang339/YOPO-server2/experiments/CIFAR10/pre-res18.natural/log/models/epoch-7.checkpoint
Overwriting /home/grads/hzhang339/YOPO-server2/experiments/CIFAR10/pre-res18.natural/log/models/epoch-8.checkpoint
Overwriting /home/grads/hzhang339/YOPO-server2/experiments/CIFAR10/pre-res18.natural/log/models/epoch-9.checkpoint
Overwriting /home/grads/hzhang339/YOPO-server2/experiments/CIFAR10/pre-res18.natural/log/models/epoch-10.checkpoint
Overwriting /home/grads/hzhang339/YOPO-server2/experiments/CIFAR10/pre-res18.natural/log/models/epoch-11.checkpoint
Overwriting /home/grads/hzhang339/YOPO-server2/experiments/CIFAR10/pre-res18.natural/log/models/epoch-12.checkpoint
Overwriting /home/grads/hzhang339/YOPO-server2/experiments/CIFAR10/pre-res18.natural/log/models/epoch-13.checkpoint
Overwriting /home/grads/hzhang339/YOPO-server2/experiments/CIFAR10/pre-res18.natural/log/models/epoch-14.checkpoint
Overwriting /home/grads/hzhang339/YOPO-server2/experiments/CIFAR10/pre-res18.natural/log/models/epoch-15.checkpoint
Overwriting /home/grads/hzhang339/YOPO-server2/experiments/CIFAR10/pre-res18.natural/log/models/epoch-16.checkpoint
Overwriting /home/grads/hzhang339/YOPO-server2/experiments/CIFAR10/pre-res18.natural/log/models/epoch-17.checkpoint
Overwriting /home/grads/hzhang339/YOPO-server2/experiments/CIFAR10/pre-res18.natural/log/models/epoch-18.checkpoint
Overwriting /home/grads/hzhang339/YOPO-server2/experiments/CIFAR10/pre-res18.natural/log/models/epoch-19.checkpoint
Overwriting /home/grads/hzhang339/YOPO-server2/experiments/CIFAR10/pre-res18.natural/log/models/epoch-20.checkpoint
Overwriting /home/grads/hzhang339/YOPO-server2/experiments/CIFAR10/pre-res18.natural/log/models/epoch-21.checkpoint
Overwriting /home/grads/hzhang339/YOPO-server2/experiments/CIFAR10/pre-res18.natural/log/models/epoch-22.checkpoint
Overwriting /home/grads/hzhang339/YOPO-server2/experiments/CIFAR10/pre-res18.natural/log/models/epoch-23.checkpoint
Overwriting /home/grads/hzhang339/YOPO-server2/experiments/CIFAR10/pre-res18.natural/log/models/epoch-24.checkpoint
Overwriting /home/grads/hzhang339/YOPO-server2/experiments/CIFAR10/pre-res18.natural/log/models/epoch-25.checkpoint
Overwriting /home/grads/hzhang339/YOPO-server2/experiments/CIFAR10/pre-res18.natural/log/models/epoch-26.checkpoint
Overwriting /home/grads/hzhang339/YOPO-server2/experiments/CIFAR10/pre-res18.natural/log/models/epoch-27.checkpoint
Overwriting /home/grads/hzhang339/YOPO-server2/experiments/CIFAR10/pre-res18.natural/log/models/epoch-28.checkpoint
Overwriting /home/grads/hzhang339/YOPO-server2/experiments/CIFAR10/pre-res18.natural/log/models/epoch-29.checkpoint
Overwriting /home/grads/hzhang339/YOPO-server2/experiments/CIFAR10/pre-res18.natural/log/models/epoch-30.checkpoint
Overwriting /home/grads/hzhang339/YOPO-server2/experiments/CIFAR10/pre-res18.natural/log/models/epoch-31.checkpoint
Overwriting /home/grads/hzhang339/YOPO-server2/experiments/CIFAR10/pre-res18.natural/log/models/epoch-32.checkpoint
Overwriting /home/grads/hzhang339/YOPO-server2/experiments/CIFAR10/pre-res18.natural/log/models/epoch-33.checkpoint
Overwriting /home/grads/hzhang339/YOPO-server2/experiments/CIFAR10/pre-res18.natural/log/models/epoch-34.checkpoint
Overwriting /home/grads/hzhang339/YOPO-server2/experiments/CIFAR10/pre-res18.natural/log/models/epoch-35.checkpoint
Overwriting /home/grads/hzhang339/YOPO-server2/experiments/CIFAR10/pre-res18.natural/log/models/epoch-36.checkpoint
Overwriting /home/grads/hzhang339/YOPO-server2/experiments/CIFAR10/pre-res18.natural/log/models/epoch-37.checkpoint
Overwriting /home/grads/hzhang339/YOPO-server2/experiments/CIFAR10/pre-res18.natural/log/models/epoch-38.checkpoint
Overwriting /home/grads/hzhang339/YOPO-server2/experiments/CIFAR10/pre-res18.natural/log/models/epoch-39.checkpoint
Overwriting /home/grads/hzhang339/YOPO-server2/experiments/CIFAR10/pre-res18.natural/log/models/epoch-40.checkpoint
Overwriting /home/grads/hzhang339/YOPO-server2/experiments/CIFAR10/pre-res18.natural/log/models/epoch-41.checkpoint
Overwriting /home/grads/hzhang339/YOPO-server2/experiments/CIFAR10/pre-res18.natural/log/models/epoch-42.checkpoint
Overwriting /home/grads/hzhang339/YOPO-server2/experiments/CIFAR10/pre-res18.natural/log/models/epoch-43.checkpoint
Overwriting /home/grads/hzhang339/YOPO-server2/experiments/CIFAR10/pre-res18.natural/log/models/epoch-44.checkpoint
Overwriting /home/grads/hzhang339/YOPO-server2/experiments/CIFAR10/pre-res18.natural/log/models/epoch-45.checkpoint
Overwriting /home/grads/hzhang339/YOPO-server2/experiments/CIFAR10/pre-res18.natural/log/models/epoch-46.checkpoint
Overwriting /home/grads/hzhang339/YOPO-server2/experiments/CIFAR10/pre-res18.natural/log/models/epoch-47.checkpoint
Overwriting /home/grads/hzhang339/YOPO-server2/experiments/CIFAR10/pre-res18.natural/log/models/epoch-48.checkpoint
Overwriting /home/grads/hzhang339/YOPO-server2/experiments/CIFAR10/pre-res18.natural/log/models/epoch-49.checkpoint
Overwriting /home/grads/hzhang339/YOPO-server2/experiments/CIFAR10/pre-res18.natural/log/models/epoch-50.checkpoint
Overwriting /home/grads/hzhang339/YOPO-server2/experiments/CIFAR10/pre-res18.natural/log/models/epoch-51.checkpoint
Overwriting /home/grads/hzhang339/YOPO-server2/experiments/CIFAR10/pre-res18.natural/log/models/epoch-52.checkpoint
Overwriting /home/grads/hzhang339/YOPO-server2/experiments/CIFAR10/pre-res18.natural/log/models/epoch-53.checkpoint
Overwriting /home/grads/hzhang339/YOPO-server2/experiments/CIFAR10/pre-res18.natural/log/models/epoch-54.checkpoint
Overwriting /home/grads/hzhang339/YOPO-server2/experiments/CIFAR10/pre-res18.natural/log/models/epoch-55.checkpoint
Overwriting /home/grads/hzhang339/YOPO-server2/experiments/CIFAR10/pre-res18.natural/log/models/epoch-56.checkpoint
Overwriting /home/grads/hzhang339/YOPO-server2/experiments/CIFAR10/pre-res18.natural/log/models/epoch-57.checkpoint
Overwriting /home/grads/hzhang339/YOPO-server2/experiments/CIFAR10/pre-res18.natural/log/models/epoch-58.checkpoint
Overwriting /home/grads/hzhang339/YOPO-server2/experiments/CIFAR10/pre-res18.natural/log/models/epoch-59.checkpoint
Overwriting /home/grads/hzhang339/YOPO-server2/experiments/CIFAR10/pre-res18.natural/log/models/epoch-60.checkpoint
Overwriting /home/grads/hzhang339/YOPO-server2/experiments/CIFAR10/pre-res18.natural/log/models/epoch-61.checkpoint
Overwriting /home/grads/hzhang339/YOPO-server2/experiments/CIFAR10/pre-res18.natural/log/models/epoch-62.checkpoint
Overwriting /home/grads/hzhang339/YOPO-server2/experiments/CIFAR10/pre-res18.natural/log/models/epoch-63.checkpoint
Overwriting /home/grads/hzhang339/YOPO-server2/experiments/CIFAR10/pre-res18.natural/log/models/epoch-64.checkpoint
Overwriting /home/grads/hzhang339/YOPO-server2/experiments/CIFAR10/pre-res18.natural/log/models/epoch-65.checkpoint
Overwriting /home/grads/hzhang339/YOPO-server2/experiments/CIFAR10/pre-res18.natural/log/models/epoch-66.checkpoint
Overwriting /home/grads/hzhang339/YOPO-server2/experiments/CIFAR10/pre-res18.natural/log/models/epoch-67.checkpoint
Overwriting /home/grads/hzhang339/YOPO-server2/experiments/CIFAR10/pre-res18.natural/log/models/epoch-68.checkpoint
Overwriting /home/grads/hzhang339/YOPO-server2/experiments/CIFAR10/pre-res18.natural/log/models/epoch-69.checkpoint
Overwriting /home/grads/hzhang339/YOPO-server2/experiments/CIFAR10/pre-res18.natural/log/models/epoch-70.checkpoint
Overwriting /home/grads/hzhang339/YOPO-server2/experiments/CIFAR10/pre-res18.natural/log/models/epoch-71.checkpoint
Overwriting /home/grads/hzhang339/YOPO-server2/experiments/CIFAR10/pre-res18.natural/log/models/epoch-72.checkpoint
Overwriting /home/grads/hzhang339/YOPO-server2/experiments/CIFAR10/pre-res18.natural/log/models/epoch-73.checkpoint
Overwriting /home/grads/hzhang339/YOPO-server2/experiments/CIFAR10/pre-res18.natural/log/models/epoch-74.checkpoint
Overwriting /home/grads/hzhang339/YOPO-server2/experiments/CIFAR10/pre-res18.natural/log/models/epoch-75.checkpoint
Overwriting /home/grads/hzhang339/YOPO-server2/experiments/CIFAR10/pre-res18.natural/log/models/epoch-76.checkpoint
Overwriting /home/grads/hzhang339/YOPO-server2/experiments/CIFAR10/pre-res18.natural/log/models/epoch-77.checkpoint
Overwriting /home/grads/hzhang339/YOPO-server2/experiments/CIFAR10/pre-res18.natural/log/models/epoch-78.checkpoint
Overwriting /home/grads/hzhang339/YOPO-server2/experiments/CIFAR10/pre-res18.natural/log/models/epoch-79.checkpoint
Overwriting /home/grads/hzhang339/YOPO-server2/experiments/CIFAR10/pre-res18.natural/log/models/epoch-80.checkpoint
Overwriting /home/grads/hzhang339/YOPO-server2/experiments/CIFAR10/pre-res18.natural/log/models/epoch-81.checkpoint
Overwriting /home/grads/hzhang339/YOPO-server2/experiments/CIFAR10/pre-res18.natural/log/models/epoch-82.checkpoint
Overwriting /home/grads/hzhang339/YOPO-server2/experiments/CIFAR10/pre-res18.natural/log/models/epoch-83.checkpoint
Overwriting /home/grads/hzhang339/YOPO-server2/experiments/CIFAR10/pre-res18.natural/log/models/epoch-84.checkpoint
Overwriting /home/grads/hzhang339/YOPO-server2/experiments/CIFAR10/pre-res18.natural/log/models/epoch-85.checkpoint
Overwriting /home/grads/hzhang339/YOPO-server2/experiments/CIFAR10/pre-res18.natural/log/models/epoch-86.checkpoint
Overwriting /home/grads/hzhang339/YOPO-server2/experiments/CIFAR10/pre-res18.natural/log/models/epoch-87.checkpoint
Overwriting /home/grads/hzhang339/YOPO-server2/experiments/CIFAR10/pre-res18.natural/log/models/epoch-88.checkpoint
Overwriting /home/grads/hzhang339/YOPO-server2/experiments/CIFAR10/pre-res18.natural/log/models/epoch-89.checkpoint
Overwriting /home/grads/hzhang339/YOPO-server2/experiments/CIFAR10/pre-res18.natural/log/models/epoch-90.checkpoint
Overwriting /home/grads/hzhang339/YOPO-server2/experiments/CIFAR10/pre-res18.natural/log/models/epoch-91.checkpoint
Overwriting /home/grads/hzhang339/YOPO-server2/experiments/CIFAR10/pre-res18.natural/log/models/epoch-92.checkpoint
Overwriting /home/grads/hzhang339/YOPO-server2/experiments/CIFAR10/pre-res18.natural/log/models/epoch-93.checkpoint
Overwriting /home/grads/hzhang339/YOPO-server2/experiments/CIFAR10/pre-res18.natural/log/models/epoch-94.checkpoint
Overwriting /home/grads/hzhang339/YOPO-server2/experiments/CIFAR10/pre-res18.natural/log/models/epoch-95.checkpoint
Overwriting /home/grads/hzhang339/YOPO-server2/experiments/CIFAR10/pre-res18.natural/log/models/epoch-96.checkpoint
Overwriting /home/grads/hzhang339/YOPO-server2/experiments/CIFAR10/pre-res18.natural/log/models/epoch-97.checkpoint
Overwriting /home/grads/hzhang339/YOPO-server2/experiments/CIFAR10/pre-res18.natural/log/models/epoch-98.checkpoint
Overwriting /home/grads/hzhang339/YOPO-server2/experiments/CIFAR10/pre-res18.natural/log/models/epoch-99.checkpoint
Overwriting /home/grads/hzhang339/YOPO-server2/experiments/CIFAR10/pre-res18.natural/log/models/epoch-100.checkpoint
Overwriting /home/grads/hzhang339/YOPO-server2/experiments/CIFAR10/pre-res18.natural/log/models/epoch-101.checkpoint
Overwriting /home/grads/hzhang339/YOPO-server2/experiments/CIFAR10/pre-res18.natural/log/models/epoch-102.checkpoint
Overwriting /home/grads/hzhang339/YOPO-server2/experiments/CIFAR10/pre-res18.natural/log/models/epoch-103.checkpoint
Overwriting /home/grads/hzhang339/YOPO-server2/experiments/CIFAR10/pre-res18.natural/log/models/epoch-104.checkpoint
Overwriting /home/grads/hzhang339/YOPO-server2/experiments/CIFAR10/pre-res18.natural/log/models/epoch-105.checkpoint
Overwriting /home/grads/hzhang339/YOPO-server2/experiments/CIFAR10/pre-res18.natural/log/models/epoch-106.checkpoint
Adding /home/grads/hzhang339/YOPO-server2/lib
Files already downloaded and verified
Files already downloaded and verified
Overwriting /home/grads/hzhang339/YOPO-server2/experiments/CIFAR10/pre-res18.natural/log/models/epoch-1.checkpoint
Overwriting /home/grads/hzhang339/YOPO-server2/experiments/CIFAR10/pre-res18.natural/log/models/epoch-2.checkpoint
Overwriting /home/grads/hzhang339/YOPO-server2/experiments/CIFAR10/pre-res18.natural/log/models/epoch-3.checkpoint
Overwriting /home/grads/hzhang339/YOPO-server2/experiments/CIFAR10/pre-res18.natural/log/models/epoch-4.checkpoint
Overwriting /home/grads/hzhang339/YOPO-server2/experiments/CIFAR10/pre-res18.natural/log/models/epoch-5.checkpoint
Overwriting /home/grads/hzhang339/YOPO-server2/experiments/CIFAR10/pre-res18.natural/log/models/epoch-6.checkpoint
Overwriting /home/grads/hzhang339/YOPO-server2/experiments/CIFAR10/pre-res18.natural/log/models/epoch-7.checkpoint
Overwriting /home/grads/hzhang339/YOPO-server2/experiments/CIFAR10/pre-res18.natural/log/models/epoch-8.checkpoint
Overwriting /home/grads/hzhang339/YOPO-server2/experiments/CIFAR10/pre-res18.natural/log/models/epoch-9.checkpoint
Overwriting /home/grads/hzhang339/YOPO-server2/experiments/CIFAR10/pre-res18.natural/log/models/epoch-10.checkpoint
Overwriting /home/grads/hzhang339/YOPO-server2/experiments/CIFAR10/pre-res18.natural/log/models/epoch-11.checkpoint
Overwriting /home/grads/hzhang339/YOPO-server2/experiments/CIFAR10/pre-res18.natural/log/models/epoch-12.checkpoint
Overwriting /home/grads/hzhang339/YOPO-server2/experiments/CIFAR10/pre-res18.natural/log/models/epoch-13.checkpoint
Overwriting /home/grads/hzhang339/YOPO-server2/experiments/CIFAR10/pre-res18.natural/log/models/epoch-14.checkpoint
Overwriting /home/grads/hzhang339/YOPO-server2/experiments/CIFAR10/pre-res18.natural/log/models/epoch-15.checkpoint
Overwriting /home/grads/hzhang339/YOPO-server2/experiments/CIFAR10/pre-res18.natural/log/models/epoch-16.checkpoint
Overwriting /home/grads/hzhang339/YOPO-server2/experiments/CIFAR10/pre-res18.natural/log/models/epoch-17.checkpoint
Overwriting /home/grads/hzhang339/YOPO-server2/experiments/CIFAR10/pre-res18.natural/log/models/epoch-18.checkpoint
Overwriting /home/grads/hzhang339/YOPO-server2/experiments/CIFAR10/pre-res18.natural/log/models/epoch-19.checkpoint
Overwriting /home/grads/hzhang339/YOPO-server2/experiments/CIFAR10/pre-res18.natural/log/models/epoch-20.checkpoint
Overwriting /home/grads/hzhang339/YOPO-server2/experiments/CIFAR10/pre-res18.natural/log/models/epoch-21.checkpoint
Overwriting /home/grads/hzhang339/YOPO-server2/experiments/CIFAR10/pre-res18.natural/log/models/epoch-22.checkpoint
Overwriting /home/grads/hzhang339/YOPO-server2/experiments/CIFAR10/pre-res18.natural/log/models/epoch-23.checkpoint
Overwriting /home/grads/hzhang339/YOPO-server2/experiments/CIFAR10/pre-res18.natural/log/models/epoch-24.checkpoint
Overwriting /home/grads/hzhang339/YOPO-server2/experiments/CIFAR10/pre-res18.natural/log/models/epoch-25.checkpoint
Overwriting /home/grads/hzhang339/YOPO-server2/experiments/CIFAR10/pre-res18.natural/log/models/epoch-26.checkpoint
Overwriting /home/grads/hzhang339/YOPO-server2/experiments/CIFAR10/pre-res18.natural/log/models/epoch-27.checkpoint
Overwriting /home/grads/hzhang339/YOPO-server2/experiments/CIFAR10/pre-res18.natural/log/models/epoch-28.checkpoint
Overwriting /home/grads/hzhang339/YOPO-server2/experiments/CIFAR10/pre-res18.natural/log/models/epoch-29.checkpoint
Overwriting /home/grads/hzhang339/YOPO-server2/experiments/CIFAR10/pre-res18.natural/log/models/epoch-30.checkpoint
Overwriting /home/grads/hzhang339/YOPO-server2/experiments/CIFAR10/pre-res18.natural/log/models/epoch-31.checkpoint
Overwriting /home/grads/hzhang339/YOPO-server2/experiments/CIFAR10/pre-res18.natural/log/models/epoch-32.checkpoint
Overwriting /home/grads/hzhang339/YOPO-server2/experiments/CIFAR10/pre-res18.natural/log/models/epoch-33.checkpoint
Overwriting /home/grads/hzhang339/YOPO-server2/experiments/CIFAR10/pre-res18.natural/log/models/epoch-34.checkpoint
Overwriting /home/grads/hzhang339/YOPO-server2/experiments/CIFAR10/pre-res18.natural/log/models/epoch-35.checkpoint
Overwriting /home/grads/hzhang339/YOPO-server2/experiments/CIFAR10/pre-res18.natural/log/models/epoch-36.checkpoint
Overwriting /home/grads/hzhang339/YOPO-server2/experiments/CIFAR10/pre-res18.natural/log/models/epoch-37.checkpoint
Overwriting /home/grads/hzhang339/YOPO-server2/experiments/CIFAR10/pre-res18.natural/log/models/epoch-38.checkpoint
Overwriting /home/grads/hzhang339/YOPO-server2/experiments/CIFAR10/pre-res18.natural/log/models/epoch-39.checkpoint
Overwriting /home/grads/hzhang339/YOPO-server2/experiments/CIFAR10/pre-res18.natural/log/models/epoch-40.checkpoint
Overwriting /home/grads/hzhang339/YOPO-server2/experiments/CIFAR10/pre-res18.natural/log/models/epoch-41.checkpoint
Overwriting /home/grads/hzhang339/YOPO-server2/experiments/CIFAR10/pre-res18.natural/log/models/epoch-42.checkpoint
Overwriting /home/grads/hzhang339/YOPO-server2/experiments/CIFAR10/pre-res18.natural/log/models/epoch-43.checkpoint
Overwriting /home/grads/hzhang339/YOPO-server2/experiments/CIFAR10/pre-res18.natural/log/models/epoch-44.checkpoint
Overwriting /home/grads/hzhang339/YOPO-server2/experiments/CIFAR10/pre-res18.natural/log/models/epoch-45.checkpoint
Overwriting /home/grads/hzhang339/YOPO-server2/experiments/CIFAR10/pre-res18.natural/log/models/epoch-46.checkpoint
Overwriting /home/grads/hzhang339/YOPO-server2/experiments/CIFAR10/pre-res18.natural/log/models/epoch-47.checkpoint
Overwriting /home/grads/hzhang339/YOPO-server2/experiments/CIFAR10/pre-res18.natural/log/models/epoch-48.checkpoint
Overwriting /home/grads/hzhang339/YOPO-server2/experiments/CIFAR10/pre-res18.natural/log/models/epoch-49.checkpoint
Overwriting /home/grads/hzhang339/YOPO-server2/experiments/CIFAR10/pre-res18.natural/log/models/epoch-50.checkpoint
Overwriting /home/grads/hzhang339/YOPO-server2/experiments/CIFAR10/pre-res18.natural/log/models/epoch-51.checkpoint
Overwriting /home/grads/hzhang339/YOPO-server2/experiments/CIFAR10/pre-res18.natural/log/models/epoch-52.checkpoint
Overwriting /home/grads/hzhang339/YOPO-server2/experiments/CIFAR10/pre-res18.natural/log/models/epoch-53.checkpoint
Overwriting /home/grads/hzhang339/YOPO-server2/experiments/CIFAR10/pre-res18.natural/log/models/epoch-54.checkpoint
Overwriting /home/grads/hzhang339/YOPO-server2/experiments/CIFAR10/pre-res18.natural/log/models/epoch-55.checkpoint
Overwriting /home/grads/hzhang339/YOPO-server2/experiments/CIFAR10/pre-res18.natural/log/models/epoch-56.checkpoint
Overwriting /home/grads/hzhang339/YOPO-server2/experiments/CIFAR10/pre-res18.natural/log/models/epoch-57.checkpoint
Overwriting /home/grads/hzhang339/YOPO-server2/experiments/CIFAR10/pre-res18.natural/log/models/epoch-58.checkpoint
Overwriting /home/grads/hzhang339/YOPO-server2/experiments/CIFAR10/pre-res18.natural/log/models/epoch-59.checkpoint
Overwriting /home/grads/hzhang339/YOPO-server2/experiments/CIFAR10/pre-res18.natural/log/models/epoch-60.checkpoint
Overwriting /home/grads/hzhang339/YOPO-server2/experiments/CIFAR10/pre-res18.natural/log/models/epoch-61.checkpoint
Overwriting /home/grads/hzhang339/YOPO-server2/experiments/CIFAR10/pre-res18.natural/log/models/epoch-62.checkpoint
Overwriting /home/grads/hzhang339/YOPO-server2/experiments/CIFAR10/pre-res18.natural/log/models/epoch-63.checkpoint
Overwriting /home/grads/hzhang339/YOPO-server2/experiments/CIFAR10/pre-res18.natural/log/models/epoch-64.checkpoint
Overwriting /home/grads/hzhang339/YOPO-server2/experiments/CIFAR10/pre-res18.natural/log/models/epoch-65.checkpoint
Overwriting /home/grads/hzhang339/YOPO-server2/experiments/CIFAR10/pre-res18.natural/log/models/epoch-66.checkpoint
Overwriting /home/grads/hzhang339/YOPO-server2/experiments/CIFAR10/pre-res18.natural/log/models/epoch-67.checkpoint
Overwriting /home/grads/hzhang339/YOPO-server2/experiments/CIFAR10/pre-res18.natural/log/models/epoch-68.checkpoint
Overwriting /home/grads/hzhang339/YOPO-server2/experiments/CIFAR10/pre-res18.natural/log/models/epoch-69.checkpoint
Overwriting /home/grads/hzhang339/YOPO-server2/experiments/CIFAR10/pre-res18.natural/log/models/epoch-70.checkpoint
Overwriting /home/grads/hzhang339/YOPO-server2/experiments/CIFAR10/pre-res18.natural/log/models/epoch-71.checkpoint
Overwriting /home/grads/hzhang339/YOPO-server2/experiments/CIFAR10/pre-res18.natural/log/models/epoch-72.checkpoint
Overwriting /home/grads/hzhang339/YOPO-server2/experiments/CIFAR10/pre-res18.natural/log/models/epoch-73.checkpoint
Overwriting /home/grads/hzhang339/YOPO-server2/experiments/CIFAR10/pre-res18.natural/log/models/epoch-74.checkpoint
Overwriting /home/grads/hzhang339/YOPO-server2/experiments/CIFAR10/pre-res18.natural/log/models/epoch-75.checkpoint
Overwriting /home/grads/hzhang339/YOPO-server2/experiments/CIFAR10/pre-res18.natural/log/models/epoch-76.checkpoint
Overwriting /home/grads/hzhang339/YOPO-server2/experiments/CIFAR10/pre-res18.natural/log/models/epoch-77.checkpoint
Overwriting /home/grads/hzhang339/YOPO-server2/experiments/CIFAR10/pre-res18.natural/log/models/epoch-78.checkpoint
Overwriting /home/grads/hzhang339/YOPO-server2/experiments/CIFAR10/pre-res18.natural/log/models/epoch-79.checkpoint
Overwriting /home/grads/hzhang339/YOPO-server2/experiments/CIFAR10/pre-res18.natural/log/models/epoch-80.checkpoint
Overwriting /home/grads/hzhang339/YOPO-server2/experiments/CIFAR10/pre-res18.natural/log/models/epoch-81.checkpoint
Overwriting /home/grads/hzhang339/YOPO-server2/experiments/CIFAR10/pre-res18.natural/log/models/epoch-82.checkpoint
Overwriting /home/grads/hzhang339/YOPO-server2/experiments/CIFAR10/pre-res18.natural/log/models/epoch-83.checkpoint
Overwriting /home/grads/hzhang339/YOPO-server2/experiments/CIFAR10/pre-res18.natural/log/models/epoch-84.checkpoint
Overwriting /home/grads/hzhang339/YOPO-server2/experiments/CIFAR10/pre-res18.natural/log/models/epoch-85.checkpoint
Overwriting /home/grads/hzhang339/YOPO-server2/experiments/CIFAR10/pre-res18.natural/log/models/epoch-86.checkpoint
Overwriting /home/grads/hzhang339/YOPO-server2/experiments/CIFAR10/pre-res18.natural/log/models/epoch-87.checkpoint
Overwriting /home/grads/hzhang339/YOPO-server2/experiments/CIFAR10/pre-res18.natural/log/models/epoch-88.checkpoint
Overwriting /home/grads/hzhang339/YOPO-server2/experiments/CIFAR10/pre-res18.natural/log/models/epoch-89.checkpoint
Overwriting /home/grads/hzhang339/YOPO-server2/experiments/CIFAR10/pre-res18.natural/log/models/epoch-90.checkpoint
Overwriting /home/grads/hzhang339/YOPO-server2/experiments/CIFAR10/pre-res18.natural/log/models/epoch-91.checkpoint
Overwriting /home/grads/hzhang339/YOPO-server2/experiments/CIFAR10/pre-res18.natural/log/models/epoch-92.checkpoint
Overwriting /home/grads/hzhang339/YOPO-server2/experiments/CIFAR10/pre-res18.natural/log/models/epoch-93.checkpoint
Overwriting /home/grads/hzhang339/YOPO-server2/experiments/CIFAR10/pre-res18.natural/log/models/epoch-94.checkpoint
Overwriting /home/grads/hzhang339/YOPO-server2/experiments/CIFAR10/pre-res18.natural/log/models/epoch-95.checkpoint
Overwriting /home/grads/hzhang339/YOPO-server2/experiments/CIFAR10/pre-res18.natural/log/models/epoch-96.checkpoint
Overwriting /home/grads/hzhang339/YOPO-server2/experiments/CIFAR10/pre-res18.natural/log/models/epoch-97.checkpoint
Overwriting /home/grads/hzhang339/YOPO-server2/experiments/CIFAR10/pre-res18.natural/log/models/epoch-98.checkpoint
Overwriting /home/grads/hzhang339/YOPO-server2/experiments/CIFAR10/pre-res18.natural/log/models/epoch-99.checkpoint
Overwriting /home/grads/hzhang339/YOPO-server2/experiments/CIFAR10/pre-res18.natural/log/models/epoch-100.checkpoint
Overwriting /home/grads/hzhang339/YOPO-server2/experiments/CIFAR10/pre-res18.natural/log/models/epoch-101.checkpoint
Overwriting /home/grads/hzhang339/YOPO-server2/experiments/CIFAR10/pre-res18.natural/log/models/epoch-102.checkpoint
Overwriting /home/grads/hzhang339/YOPO-server2/experiments/CIFAR10/pre-res18.natural/log/models/epoch-103.checkpoint
Overwriting /home/grads/hzhang339/YOPO-server2/experiments/CIFAR10/pre-res18.natural/log/models/epoch-104.checkpoint
Overwriting /home/grads/hzhang339/YOPO-server2/experiments/CIFAR10/pre-res18.natural/log/models/epoch-105.checkpoint
Overwriting /home/grads/hzhang339/YOPO-server2/experiments/CIFAR10/pre-res18.natural/log/models/epoch-106.checkpoint
Adding /home/grads/hzhang339/YOPO-server2/lib
Files already downloaded and verified
Files already downloaded and verified
Overwriting /home/grads/hzhang339/YOPO-server2/experiments/CIFAR10/pre-res18.natural/log/models/epoch-1.checkpoint
Overwriting /home/grads/hzhang339/YOPO-server2/experiments/CIFAR10/pre-res18.natural/log/models/epoch-2.checkpoint
Overwriting /home/grads/hzhang339/YOPO-server2/experiments/CIFAR10/pre-res18.natural/log/models/epoch-3.checkpoint
Overwriting /home/grads/hzhang339/YOPO-server2/experiments/CIFAR10/pre-res18.natural/log/models/epoch-4.checkpoint
Overwriting /home/grads/hzhang339/YOPO-server2/experiments/CIFAR10/pre-res18.natural/log/models/epoch-5.checkpoint
Overwriting /home/grads/hzhang339/YOPO-server2/experiments/CIFAR10/pre-res18.natural/log/models/epoch-6.checkpoint
Overwriting /home/grads/hzhang339/YOPO-server2/experiments/CIFAR10/pre-res18.natural/log/models/epoch-7.checkpoint
Overwriting /home/grads/hzhang339/YOPO-server2/experiments/CIFAR10/pre-res18.natural/log/models/epoch-8.checkpoint
Overwriting /home/grads/hzhang339/YOPO-server2/experiments/CIFAR10/pre-res18.natural/log/models/epoch-9.checkpoint
Overwriting /home/grads/hzhang339/YOPO-server2/experiments/CIFAR10/pre-res18.natural/log/models/epoch-10.checkpoint
Overwriting /home/grads/hzhang339/YOPO-server2/experiments/CIFAR10/pre-res18.natural/log/models/epoch-11.checkpoint
Overwriting /home/grads/hzhang339/YOPO-server2/experiments/CIFAR10/pre-res18.natural/log/models/epoch-12.checkpoint
Overwriting /home/grads/hzhang339/YOPO-server2/experiments/CIFAR10/pre-res18.natural/log/models/epoch-13.checkpoint
Overwriting /home/grads/hzhang339/YOPO-server2/experiments/CIFAR10/pre-res18.natural/log/models/epoch-14.checkpoint
Overwriting /home/grads/hzhang339/YOPO-server2/experiments/CIFAR10/pre-res18.natural/log/models/epoch-15.checkpoint
Overwriting /home/grads/hzhang339/YOPO-server2/experiments/CIFAR10/pre-res18.natural/log/models/epoch-16.checkpoint
Overwriting /home/grads/hzhang339/YOPO-server2/experiments/CIFAR10/pre-res18.natural/log/models/epoch-17.checkpoint
Overwriting /home/grads/hzhang339/YOPO-server2/experiments/CIFAR10/pre-res18.natural/log/models/epoch-18.checkpoint
Overwriting /home/grads/hzhang339/YOPO-server2/experiments/CIFAR10/pre-res18.natural/log/models/epoch-19.checkpoint
Overwriting /home/grads/hzhang339/YOPO-server2/experiments/CIFAR10/pre-res18.natural/log/models/epoch-20.checkpoint
Overwriting /home/grads/hzhang339/YOPO-server2/experiments/CIFAR10/pre-res18.natural/log/models/epoch-21.checkpoint
Overwriting /home/grads/hzhang339/YOPO-server2/experiments/CIFAR10/pre-res18.natural/log/models/epoch-22.checkpoint
Overwriting /home/grads/hzhang339/YOPO-server2/experiments/CIFAR10/pre-res18.natural/log/models/epoch-23.checkpoint
Overwriting /home/grads/hzhang339/YOPO-server2/experiments/CIFAR10/pre-res18.natural/log/models/epoch-24.checkpoint
Overwriting /home/grads/hzhang339/YOPO-server2/experiments/CIFAR10/pre-res18.natural/log/models/epoch-25.checkpoint
Overwriting /home/grads/hzhang339/YOPO-server2/experiments/CIFAR10/pre-res18.natural/log/models/epoch-26.checkpoint
Overwriting /home/grads/hzhang339/YOPO-server2/experiments/CIFAR10/pre-res18.natural/log/models/epoch-27.checkpoint
Overwriting /home/grads/hzhang339/YOPO-server2/experiments/CIFAR10/pre-res18.natural/log/models/epoch-28.checkpoint
Overwriting /home/grads/hzhang339/YOPO-server2/experiments/CIFAR10/pre-res18.natural/log/models/epoch-29.checkpoint
Overwriting /home/grads/hzhang339/YOPO-server2/experiments/CIFAR10/pre-res18.natural/log/models/epoch-30.checkpoint
Overwriting /home/grads/hzhang339/YOPO-server2/experiments/CIFAR10/pre-res18.natural/log/models/epoch-31.checkpoint
Overwriting /home/grads/hzhang339/YOPO-server2/experiments/CIFAR10/pre-res18.natural/log/models/epoch-32.checkpoint
Overwriting /home/grads/hzhang339/YOPO-server2/experiments/CIFAR10/pre-res18.natural/log/models/epoch-33.checkpoint
Overwriting /home/grads/hzhang339/YOPO-server2/experiments/CIFAR10/pre-res18.natural/log/models/epoch-34.checkpoint
Overwriting /home/grads/hzhang339/YOPO-server2/experiments/CIFAR10/pre-res18.natural/log/models/epoch-35.checkpoint
Overwriting /home/grads/hzhang339/YOPO-server2/experiments/CIFAR10/pre-res18.natural/log/models/epoch-36.checkpoint
Overwriting /home/grads/hzhang339/YOPO-server2/experiments/CIFAR10/pre-res18.natural/log/models/epoch-37.checkpoint
Overwriting /home/grads/hzhang339/YOPO-server2/experiments/CIFAR10/pre-res18.natural/log/models/epoch-38.checkpoint
Overwriting /home/grads/hzhang339/YOPO-server2/experiments/CIFAR10/pre-res18.natural/log/models/epoch-39.checkpoint
Overwriting /home/grads/hzhang339/YOPO-server2/experiments/CIFAR10/pre-res18.natural/log/models/epoch-40.checkpoint
Overwriting /home/grads/hzhang339/YOPO-server2/experiments/CIFAR10/pre-res18.natural/log/models/epoch-41.checkpoint
Overwriting /home/grads/hzhang339/YOPO-server2/experiments/CIFAR10/pre-res18.natural/log/models/epoch-42.checkpoint
Overwriting /home/grads/hzhang339/YOPO-server2/experiments/CIFAR10/pre-res18.natural/log/models/epoch-43.checkpoint
Overwriting /home/grads/hzhang339/YOPO-server2/experiments/CIFAR10/pre-res18.natural/log/models/epoch-44.checkpoint
Overwriting /home/grads/hzhang339/YOPO-server2/experiments/CIFAR10/pre-res18.natural/log/models/epoch-45.checkpoint
Overwriting /home/grads/hzhang339/YOPO-server2/experiments/CIFAR10/pre-res18.natural/log/models/epoch-46.checkpoint
Overwriting /home/grads/hzhang339/YOPO-server2/experiments/CIFAR10/pre-res18.natural/log/models/epoch-47.checkpoint
Overwriting /home/grads/hzhang339/YOPO-server2/experiments/CIFAR10/pre-res18.natural/log/models/epoch-48.checkpoint
Overwriting /home/grads/hzhang339/YOPO-server2/experiments/CIFAR10/pre-res18.natural/log/models/epoch-49.checkpoint
Overwriting /home/grads/hzhang339/YOPO-server2/experiments/CIFAR10/pre-res18.natural/log/models/epoch-50.checkpoint
Overwriting /home/grads/hzhang339/YOPO-server2/experiments/CIFAR10/pre-res18.natural/log/models/epoch-51.checkpoint
Overwriting /home/grads/hzhang339/YOPO-server2/experiments/CIFAR10/pre-res18.natural/log/models/epoch-52.checkpoint
Overwriting /home/grads/hzhang339/YOPO-server2/experiments/CIFAR10/pre-res18.natural/log/models/epoch-53.checkpoint
Overwriting /home/grads/hzhang339/YOPO-server2/experiments/CIFAR10/pre-res18.natural/log/models/epoch-54.checkpoint
Overwriting /home/grads/hzhang339/YOPO-server2/experiments/CIFAR10/pre-res18.natural/log/models/epoch-55.checkpoint
Overwriting /home/grads/hzhang339/YOPO-server2/experiments/CIFAR10/pre-res18.natural/log/models/epoch-56.checkpoint
Overwriting /home/grads/hzhang339/YOPO-server2/experiments/CIFAR10/pre-res18.natural/log/models/epoch-57.checkpoint
Overwriting /home/grads/hzhang339/YOPO-server2/experiments/CIFAR10/pre-res18.natural/log/models/epoch-58.checkpoint
Overwriting /home/grads/hzhang339/YOPO-server2/experiments/CIFAR10/pre-res18.natural/log/models/epoch-59.checkpoint
Overwriting /home/grads/hzhang339/YOPO-server2/experiments/CIFAR10/pre-res18.natural/log/models/epoch-60.checkpoint
Overwriting /home/grads/hzhang339/YOPO-server2/experiments/CIFAR10/pre-res18.natural/log/models/epoch-61.checkpoint
Overwriting /home/grads/hzhang339/YOPO-server2/experiments/CIFAR10/pre-res18.natural/log/models/epoch-62.checkpoint
Overwriting /home/grads/hzhang339/YOPO-server2/experiments/CIFAR10/pre-res18.natural/log/models/epoch-63.checkpoint
Overwriting /home/grads/hzhang339/YOPO-server2/experiments/CIFAR10/pre-res18.natural/log/models/epoch-64.checkpoint
Overwriting /home/grads/hzhang339/YOPO-server2/experiments/CIFAR10/pre-res18.natural/log/models/epoch-65.checkpoint
Overwriting /home/grads/hzhang339/YOPO-server2/experiments/CIFAR10/pre-res18.natural/log/models/epoch-66.checkpoint
Overwriting /home/grads/hzhang339/YOPO-server2/experiments/CIFAR10/pre-res18.natural/log/models/epoch-67.checkpoint
Overwriting /home/grads/hzhang339/YOPO-server2/experiments/CIFAR10/pre-res18.natural/log/models/epoch-68.checkpoint
Overwriting /home/grads/hzhang339/YOPO-server2/experiments/CIFAR10/pre-res18.natural/log/models/epoch-69.checkpoint
Overwriting /home/grads/hzhang339/YOPO-server2/experiments/CIFAR10/pre-res18.natural/log/models/epoch-70.checkpoint
Overwriting /home/grads/hzhang339/YOPO-server2/experiments/CIFAR10/pre-res18.natural/log/models/epoch-71.checkpoint
Overwriting /home/grads/hzhang339/YOPO-server2/experiments/CIFAR10/pre-res18.natural/log/models/epoch-72.checkpoint
Overwriting /home/grads/hzhang339/YOPO-server2/experiments/CIFAR10/pre-res18.natural/log/models/epoch-73.checkpoint
Overwriting /home/grads/hzhang339/YOPO-server2/experiments/CIFAR10/pre-res18.natural/log/models/epoch-74.checkpoint
Overwriting /home/grads/hzhang339/YOPO-server2/experiments/CIFAR10/pre-res18.natural/log/models/epoch-75.checkpoint
Overwriting /home/grads/hzhang339/YOPO-server2/experiments/CIFAR10/pre-res18.natural/log/models/epoch-76.checkpoint
Overwriting /home/grads/hzhang339/YOPO-server2/experiments/CIFAR10/pre-res18.natural/log/models/epoch-77.checkpoint
Overwriting /home/grads/hzhang339/YOPO-server2/experiments/CIFAR10/pre-res18.natural/log/models/epoch-78.checkpoint
Overwriting /home/grads/hzhang339/YOPO-server2/experiments/CIFAR10/pre-res18.natural/log/models/epoch-79.checkpoint
Overwriting /home/grads/hzhang339/YOPO-server2/experiments/CIFAR10/pre-res18.natural/log/models/epoch-80.checkpoint
Overwriting /home/grads/hzhang339/YOPO-server2/experiments/CIFAR10/pre-res18.natural/log/models/epoch-81.checkpoint
Overwriting /home/grads/hzhang339/YOPO-server2/experiments/CIFAR10/pre-res18.natural/log/models/epoch-82.checkpoint
Overwriting /home/grads/hzhang339/YOPO-server2/experiments/CIFAR10/pre-res18.natural/log/models/epoch-83.checkpoint
Overwriting /home/grads/hzhang339/YOPO-server2/experiments/CIFAR10/pre-res18.natural/log/models/epoch-84.checkpoint
Overwriting /home/grads/hzhang339/YOPO-server2/experiments/CIFAR10/pre-res18.natural/log/models/epoch-85.checkpoint
Overwriting /home/grads/hzhang339/YOPO-server2/experiments/CIFAR10/pre-res18.natural/log/models/epoch-86.checkpoint
Overwriting /home/grads/hzhang339/YOPO-server2/experiments/CIFAR10/pre-res18.natural/log/models/epoch-87.checkpoint
Overwriting /home/grads/hzhang339/YOPO-server2/experiments/CIFAR10/pre-res18.natural/log/models/epoch-88.checkpoint
Overwriting /home/grads/hzhang339/YOPO-server2/experiments/CIFAR10/pre-res18.natural/log/models/epoch-89.checkpoint
Overwriting /home/grads/hzhang339/YOPO-server2/experiments/CIFAR10/pre-res18.natural/log/models/epoch-90.checkpoint
Overwriting /home/grads/hzhang339/YOPO-server2/experiments/CIFAR10/pre-res18.natural/log/models/epoch-91.checkpoint
Overwriting /home/grads/hzhang339/YOPO-server2/experiments/CIFAR10/pre-res18.natural/log/models/epoch-92.checkpoint
Overwriting /home/grads/hzhang339/YOPO-server2/experiments/CIFAR10/pre-res18.natural/log/models/epoch-93.checkpoint
Overwriting /home/grads/hzhang339/YOPO-server2/experiments/CIFAR10/pre-res18.natural/log/models/epoch-94.checkpoint
Overwriting /home/grads/hzhang339/YOPO-server2/experiments/CIFAR10/pre-res18.natural/log/models/epoch-95.checkpoint
Overwriting /home/grads/hzhang339/YOPO-server2/experiments/CIFAR10/pre-res18.natural/log/models/epoch-96.checkpoint
Overwriting /home/grads/hzhang339/YOPO-server2/experiments/CIFAR10/pre-res18.natural/log/models/epoch-97.checkpoint
Overwriting /home/grads/hzhang339/YOPO-server2/experiments/CIFAR10/pre-res18.natural/log/models/epoch-98.checkpoint
Overwriting /home/grads/hzhang339/YOPO-server2/experiments/CIFAR10/pre-res18.natural/log/models/epoch-99.checkpoint
Overwriting /home/grads/hzhang339/YOPO-server2/experiments/CIFAR10/pre-res18.natural/log/models/epoch-100.checkpoint
Overwriting /home/grads/hzhang339/YOPO-server2/experiments/CIFAR10/pre-res18.natural/log/models/epoch-101.checkpoint
Overwriting /home/grads/hzhang339/YOPO-server2/experiments/CIFAR10/pre-res18.natural/log/models/epoch-102.checkpoint
Overwriting /home/grads/hzhang339/YOPO-server2/experiments/CIFAR10/pre-res18.natural/log/models/epoch-103.checkpoint
Overwriting /home/grads/hzhang339/YOPO-server2/experiments/CIFAR10/pre-res18.natural/log/models/epoch-104.checkpoint
Overwriting /home/grads/hzhang339/YOPO-server2/experiments/CIFAR10/pre-res18.natural/log/models/epoch-105.checkpoint
Overwriting /home/grads/hzhang339/YOPO-server2/experiments/CIFAR10/pre-res18.natural/log/models/epoch-106.checkpoint
