/home/grads/hzhang339/YOPO-server2/experiments/CIFAR100/pre-res18.yopo-5-3/
Adding /home/grads/hzhang339/YOPO-server2/lib
Files already downloaded and verified
Files already downloaded and verified
{'Acc': 11.25, 'YofoAcc': 6.25}
Overwriting /home/grads/hzhang339/YOPO-server2/experiments/CIFAR100/pre-res18.yopo-5-3/log/models/epoch-1.checkpoint
{'Acc': 13.75, 'YofoAcc': 6.25}
Overwriting /home/grads/hzhang339/YOPO-server2/experiments/CIFAR100/pre-res18.yopo-5-3/log/models/epoch-2.checkpoint
{'Acc': 16.25, 'YofoAcc': 11.25}
Overwriting /home/grads/hzhang339/YOPO-server2/experiments/CIFAR100/pre-res18.yopo-5-3/log/models/epoch-3.checkpoint
{'Acc': 28.75, 'YofoAcc': 16.25}
Overwriting /home/grads/hzhang339/YOPO-server2/experiments/CIFAR100/pre-res18.yopo-5-3/log/models/epoch-4.checkpoint
{'Acc': 25.0, 'YofoAcc': 10.0}
Overwriting /home/grads/hzhang339/YOPO-server2/experiments/CIFAR100/pre-res18.yopo-5-3/log/models/epoch-5.checkpoint
{'Acc': 27.5, 'YofoAcc': 13.75}
Overwriting /home/grads/hzhang339/YOPO-server2/experiments/CIFAR100/pre-res18.yopo-5-3/log/models/epoch-6.checkpoint
{'Acc': 32.5, 'YofoAcc': 15.0}
Overwriting /home/grads/hzhang339/YOPO-server2/experiments/CIFAR100/pre-res18.yopo-5-3/log/models/epoch-7.checkpoint
{'Acc': 22.5, 'YofoAcc': 8.75}
Overwriting /home/grads/hzhang339/YOPO-server2/experiments/CIFAR100/pre-res18.yopo-5-3/log/models/epoch-8.checkpoint
{'Acc': 33.75, 'YofoAcc': 10.0}
Overwriting /home/grads/hzhang339/YOPO-server2/experiments/CIFAR100/pre-res18.yopo-5-3/log/models/epoch-9.checkpoint
{'Acc': 32.5, 'YofoAcc': 22.5}
Overwriting /home/grads/hzhang339/YOPO-server2/experiments/CIFAR100/pre-res18.yopo-5-3/log/models/epoch-10.checkpoint
{'Acc': 31.25, 'YofoAcc': 16.25}
Overwriting /home/grads/hzhang339/YOPO-server2/experiments/CIFAR100/pre-res18.yopo-5-3/log/models/epoch-11.checkpoint
{'Acc': 45.0, 'YofoAcc': 15.0}
Overwriting /home/grads/hzhang339/YOPO-server2/experiments/CIFAR100/pre-res18.yopo-5-3/log/models/epoch-12.checkpoint
{'Acc': 36.25, 'YofoAcc': 10.0}
Overwriting /home/grads/hzhang339/YOPO-server2/experiments/CIFAR100/pre-res18.yopo-5-3/log/models/epoch-13.checkpoint
{'Acc': 33.75, 'YofoAcc': 16.25}
Overwriting /home/grads/hzhang339/YOPO-server2/experiments/CIFAR100/pre-res18.yopo-5-3/log/models/epoch-14.checkpoint
{'Acc': 36.25, 'YofoAcc': 16.25}
Overwriting /home/grads/hzhang339/YOPO-server2/experiments/CIFAR100/pre-res18.yopo-5-3/log/models/epoch-15.checkpoint
{'Acc': 43.75, 'YofoAcc': 16.25}
Overwriting /home/grads/hzhang339/YOPO-server2/experiments/CIFAR100/pre-res18.yopo-5-3/log/models/epoch-16.checkpoint
{'Acc': 43.75, 'YofoAcc': 26.25}
Overwriting /home/grads/hzhang339/YOPO-server2/experiments/CIFAR100/pre-res18.yopo-5-3/log/models/epoch-17.checkpoint
{'Acc': 50.0, 'YofoAcc': 20.0}
Overwriting /home/grads/hzhang339/YOPO-server2/experiments/CIFAR100/pre-res18.yopo-5-3/log/models/epoch-18.checkpoint
{'Acc': 38.75, 'YofoAcc': 11.25}
Overwriting /home/grads/hzhang339/YOPO-server2/experiments/CIFAR100/pre-res18.yopo-5-3/log/models/epoch-19.checkpoint
{'Acc': 35.0, 'YofoAcc': 10.0}
Overwriting /home/grads/hzhang339/YOPO-server2/experiments/CIFAR100/pre-res18.yopo-5-3/log/models/epoch-20.checkpoint
{'Acc': 50.0, 'YofoAcc': 22.5}
Overwriting /home/grads/hzhang339/YOPO-server2/experiments/CIFAR100/pre-res18.yopo-5-3/log/models/epoch-21.checkpoint
{'Acc': 51.25, 'YofoAcc': 28.75}
Overwriting /home/grads/hzhang339/YOPO-server2/experiments/CIFAR100/pre-res18.yopo-5-3/log/models/epoch-22.checkpoint
{'Acc': 51.25, 'YofoAcc': 25.0}
Overwriting /home/grads/hzhang339/YOPO-server2/experiments/CIFAR100/pre-res18.yopo-5-3/log/models/epoch-23.checkpoint
{'Acc': 53.75, 'YofoAcc': 20.0}
Overwriting /home/grads/hzhang339/YOPO-server2/experiments/CIFAR100/pre-res18.yopo-5-3/log/models/epoch-24.checkpoint
{'Acc': 50.0, 'YofoAcc': 23.75}
Overwriting /home/grads/hzhang339/YOPO-server2/experiments/CIFAR100/pre-res18.yopo-5-3/log/models/epoch-25.checkpoint
{'Acc': 47.5, 'YofoAcc': 22.5}
Overwriting /home/grads/hzhang339/YOPO-server2/experiments/CIFAR100/pre-res18.yopo-5-3/log/models/epoch-26.checkpoint
{'Acc': 61.25, 'YofoAcc': 21.25}
Overwriting /home/grads/hzhang339/YOPO-server2/experiments/CIFAR100/pre-res18.yopo-5-3/log/models/epoch-27.checkpoint
{'Acc': 66.25, 'YofoAcc': 31.25}
Overwriting /home/grads/hzhang339/YOPO-server2/experiments/CIFAR100/pre-res18.yopo-5-3/log/models/epoch-28.checkpoint
{'Acc': 55.0, 'YofoAcc': 22.5}
Overwriting /home/grads/hzhang339/YOPO-server2/experiments/CIFAR100/pre-res18.yopo-5-3/log/models/epoch-29.checkpoint
{'Acc': 48.75, 'YofoAcc': 25.0}
Overwriting /home/grads/hzhang339/YOPO-server2/experiments/CIFAR100/pre-res18.yopo-5-3/log/models/epoch-30.checkpoint
{'Acc': 56.25, 'YofoAcc': 26.25}
Overwriting /home/grads/hzhang339/YOPO-server2/experiments/CIFAR100/pre-res18.yopo-5-3/log/models/epoch-31.checkpoint
{'Acc': 63.75, 'YofoAcc': 26.25}
Overwriting /home/grads/hzhang339/YOPO-server2/experiments/CIFAR100/pre-res18.yopo-5-3/log/models/epoch-32.checkpoint
{'Acc': 68.75, 'YofoAcc': 31.25}
Overwriting /home/grads/hzhang339/YOPO-server2/experiments/CIFAR100/pre-res18.yopo-5-3/log/models/epoch-33.checkpoint
{'Acc': 60.0, 'YofoAcc': 35.0}
Overwriting /home/grads/hzhang339/YOPO-server2/experiments/CIFAR100/pre-res18.yopo-5-3/log/models/epoch-34.checkpoint
{'Acc': 70.0, 'YofoAcc': 27.5}
Overwriting /home/grads/hzhang339/YOPO-server2/experiments/CIFAR100/pre-res18.yopo-5-3/log/models/epoch-35.checkpoint
{'Acc': 65.0, 'YofoAcc': 32.5}
Overwriting /home/grads/hzhang339/YOPO-server2/experiments/CIFAR100/pre-res18.yopo-5-3/log/models/epoch-36.checkpoint
{'Acc': 66.25, 'YofoAcc': 23.75}
Overwriting /home/grads/hzhang339/YOPO-server2/experiments/CIFAR100/pre-res18.yopo-5-3/log/models/epoch-37.checkpoint
Adding /home/grads/hzhang339/YOPO-server2/lib
Files already downloaded and verified
Files already downloaded and verified
{'Acc': 13.75, 'YofoAcc': 10.0}
Overwriting /home/grads/hzhang339/YOPO-server2/experiments/CIFAR100/pre-res18.yopo-5-3/log/models/epoch-1.checkpoint
{'Acc': 17.5, 'YofoAcc': 8.75}
Overwriting /home/grads/hzhang339/YOPO-server2/experiments/CIFAR100/pre-res18.yopo-5-3/log/models/epoch-2.checkpoint
{'Acc': 21.25, 'YofoAcc': 8.75}
Overwriting /home/grads/hzhang339/YOPO-server2/experiments/CIFAR100/pre-res18.yopo-5-3/log/models/epoch-3.checkpoint
{'Acc': 16.25, 'YofoAcc': 5.0}
Overwriting /home/grads/hzhang339/YOPO-server2/experiments/CIFAR100/pre-res18.yopo-5-3/log/models/epoch-4.checkpoint
{'Acc': 28.75, 'YofoAcc': 16.25}
Overwriting /home/grads/hzhang339/YOPO-server2/experiments/CIFAR100/pre-res18.yopo-5-3/log/models/epoch-5.checkpoint
{'Acc': 21.25, 'YofoAcc': 8.75}
Overwriting /home/grads/hzhang339/YOPO-server2/experiments/CIFAR100/pre-res18.yopo-5-3/log/models/epoch-6.checkpoint
{'Acc': 40.0, 'YofoAcc': 23.75}
Overwriting /home/grads/hzhang339/YOPO-server2/experiments/CIFAR100/pre-res18.yopo-5-3/log/models/epoch-7.checkpoint
{'Acc': 36.25, 'YofoAcc': 17.5}
Overwriting /home/grads/hzhang339/YOPO-server2/experiments/CIFAR100/pre-res18.yopo-5-3/log/models/epoch-8.checkpoint
{'Acc': 45.0, 'YofoAcc': 20.0}
Overwriting /home/grads/hzhang339/YOPO-server2/experiments/CIFAR100/pre-res18.yopo-5-3/log/models/epoch-9.checkpoint
{'Acc': 40.0, 'YofoAcc': 11.25}
Overwriting /home/grads/hzhang339/YOPO-server2/experiments/CIFAR100/pre-res18.yopo-5-3/log/models/epoch-10.checkpoint
{'Acc': 32.5, 'YofoAcc': 11.25}
Overwriting /home/grads/hzhang339/YOPO-server2/experiments/CIFAR100/pre-res18.yopo-5-3/log/models/epoch-11.checkpoint
{'Acc': 38.75, 'YofoAcc': 13.75}
Overwriting /home/grads/hzhang339/YOPO-server2/experiments/CIFAR100/pre-res18.yopo-5-3/log/models/epoch-12.checkpoint
{'Acc': 43.75, 'YofoAcc': 20.0}
Overwriting /home/grads/hzhang339/YOPO-server2/experiments/CIFAR100/pre-res18.yopo-5-3/log/models/epoch-13.checkpoint
{'Acc': 42.5, 'YofoAcc': 18.75}
Overwriting /home/grads/hzhang339/YOPO-server2/experiments/CIFAR100/pre-res18.yopo-5-3/log/models/epoch-14.checkpoint
{'Acc': 50.0, 'YofoAcc': 22.5}
Overwriting /home/grads/hzhang339/YOPO-server2/experiments/CIFAR100/pre-res18.yopo-5-3/log/models/epoch-15.checkpoint
{'Acc': 37.5, 'YofoAcc': 12.5}
Overwriting /home/grads/hzhang339/YOPO-server2/experiments/CIFAR100/pre-res18.yopo-5-3/log/models/epoch-16.checkpoint
{'Acc': 43.75, 'YofoAcc': 20.0}
Overwriting /home/grads/hzhang339/YOPO-server2/experiments/CIFAR100/pre-res18.yopo-5-3/log/models/epoch-17.checkpoint
{'Acc': 46.25, 'YofoAcc': 16.25}
Overwriting /home/grads/hzhang339/YOPO-server2/experiments/CIFAR100/pre-res18.yopo-5-3/log/models/epoch-18.checkpoint
{'Acc': 51.25, 'YofoAcc': 30.0}
Overwriting /home/grads/hzhang339/YOPO-server2/experiments/CIFAR100/pre-res18.yopo-5-3/log/models/epoch-19.checkpoint
{'Acc': 40.0, 'YofoAcc': 18.75}
Overwriting /home/grads/hzhang339/YOPO-server2/experiments/CIFAR100/pre-res18.yopo-5-3/log/models/epoch-20.checkpoint
{'Acc': 57.5, 'YofoAcc': 21.25}
Overwriting /home/grads/hzhang339/YOPO-server2/experiments/CIFAR100/pre-res18.yopo-5-3/log/models/epoch-21.checkpoint
{'Acc': 52.5, 'YofoAcc': 23.75}
Overwriting /home/grads/hzhang339/YOPO-server2/experiments/CIFAR100/pre-res18.yopo-5-3/log/models/epoch-22.checkpoint
{'Acc': 48.75, 'YofoAcc': 26.25}
Overwriting /home/grads/hzhang339/YOPO-server2/experiments/CIFAR100/pre-res18.yopo-5-3/log/models/epoch-23.checkpoint
{'Acc': 47.5, 'YofoAcc': 23.75}
Overwriting /home/grads/hzhang339/YOPO-server2/experiments/CIFAR100/pre-res18.yopo-5-3/log/models/epoch-24.checkpoint
{'Acc': 57.5, 'YofoAcc': 21.25}
Overwriting /home/grads/hzhang339/YOPO-server2/experiments/CIFAR100/pre-res18.yopo-5-3/log/models/epoch-25.checkpoint
{'Acc': 60.0, 'YofoAcc': 30.0}
Overwriting /home/grads/hzhang339/YOPO-server2/experiments/CIFAR100/pre-res18.yopo-5-3/log/models/epoch-26.checkpoint
{'Acc': 57.5, 'YofoAcc': 27.5}
Overwriting /home/grads/hzhang339/YOPO-server2/experiments/CIFAR100/pre-res18.yopo-5-3/log/models/epoch-27.checkpoint
{'Acc': 45.0, 'YofoAcc': 17.5}
Overwriting /home/grads/hzhang339/YOPO-server2/experiments/CIFAR100/pre-res18.yopo-5-3/log/models/epoch-28.checkpoint
{'Acc': 48.75, 'YofoAcc': 13.75}
Overwriting /home/grads/hzhang339/YOPO-server2/experiments/CIFAR100/pre-res18.yopo-5-3/log/models/epoch-29.checkpoint
{'Acc': 45.0, 'YofoAcc': 26.25}
Overwriting /home/grads/hzhang339/YOPO-server2/experiments/CIFAR100/pre-res18.yopo-5-3/log/models/epoch-30.checkpoint
{'Acc': 66.25, 'YofoAcc': 20.0}
Overwriting /home/grads/hzhang339/YOPO-server2/experiments/CIFAR100/pre-res18.yopo-5-3/log/models/epoch-31.checkpoint
{'Acc': 61.25, 'YofoAcc': 30.0}
Overwriting /home/grads/hzhang339/YOPO-server2/experiments/CIFAR100/pre-res18.yopo-5-3/log/models/epoch-32.checkpoint
{'Acc': 68.75, 'YofoAcc': 40.0}
Overwriting /home/grads/hzhang339/YOPO-server2/experiments/CIFAR100/pre-res18.yopo-5-3/log/models/epoch-33.checkpoint
{'Acc': 70.0, 'YofoAcc': 31.25}
Overwriting /home/grads/hzhang339/YOPO-server2/experiments/CIFAR100/pre-res18.yopo-5-3/log/models/epoch-34.checkpoint
{'Acc': 70.0, 'YofoAcc': 25.0}
Overwriting /home/grads/hzhang339/YOPO-server2/experiments/CIFAR100/pre-res18.yopo-5-3/log/models/epoch-35.checkpoint
{'Acc': 55.0, 'YofoAcc': 21.25}
Overwriting /home/grads/hzhang339/YOPO-server2/experiments/CIFAR100/pre-res18.yopo-5-3/log/models/epoch-36.checkpoint
{'Acc': 68.75, 'YofoAcc': 33.75}
Overwriting /home/grads/hzhang339/YOPO-server2/experiments/CIFAR100/pre-res18.yopo-5-3/log/models/epoch-37.checkpoint
Adding /home/grads/hzhang339/YOPO-server2/lib
Files already downloaded and verified
Files already downloaded and verified
{'Acc': 2.5, 'YofoAcc': 0.0}
Overwriting /home/grads/hzhang339/YOPO-server2/experiments/CIFAR100/pre-res18.yopo-5-3/log/models/epoch-1.checkpoint
{'Acc': 10.0, 'YofoAcc': 8.75}
Overwriting /home/grads/hzhang339/YOPO-server2/experiments/CIFAR100/pre-res18.yopo-5-3/log/models/epoch-2.checkpoint
{'Acc': 21.25, 'YofoAcc': 13.75}
Overwriting /home/grads/hzhang339/YOPO-server2/experiments/CIFAR100/pre-res18.yopo-5-3/log/models/epoch-3.checkpoint
{'Acc': 18.75, 'YofoAcc': 11.25}
Overwriting /home/grads/hzhang339/YOPO-server2/experiments/CIFAR100/pre-res18.yopo-5-3/log/models/epoch-4.checkpoint
{'Acc': 27.5, 'YofoAcc': 17.5}
Overwriting /home/grads/hzhang339/YOPO-server2/experiments/CIFAR100/pre-res18.yopo-5-3/log/models/epoch-5.checkpoint
{'Acc': 27.5, 'YofoAcc': 8.75}
Overwriting /home/grads/hzhang339/YOPO-server2/experiments/CIFAR100/pre-res18.yopo-5-3/log/models/epoch-6.checkpoint
{'Acc': 28.75, 'YofoAcc': 15.0}
Overwriting /home/grads/hzhang339/YOPO-server2/experiments/CIFAR100/pre-res18.yopo-5-3/log/models/epoch-7.checkpoint
{'Acc': 33.75, 'YofoAcc': 22.5}
Overwriting /home/grads/hzhang339/YOPO-server2/experiments/CIFAR100/pre-res18.yopo-5-3/log/models/epoch-8.checkpoint
{'Acc': 40.0, 'YofoAcc': 17.5}
Overwriting /home/grads/hzhang339/YOPO-server2/experiments/CIFAR100/pre-res18.yopo-5-3/log/models/epoch-9.checkpoint
{'Acc': 36.25, 'YofoAcc': 16.25}
Overwriting /home/grads/hzhang339/YOPO-server2/experiments/CIFAR100/pre-res18.yopo-5-3/log/models/epoch-10.checkpoint
{'Acc': 37.5, 'YofoAcc': 15.0}
Overwriting /home/grads/hzhang339/YOPO-server2/experiments/CIFAR100/pre-res18.yopo-5-3/log/models/epoch-11.checkpoint
{'Acc': 43.75, 'YofoAcc': 22.5}
Overwriting /home/grads/hzhang339/YOPO-server2/experiments/CIFAR100/pre-res18.yopo-5-3/log/models/epoch-12.checkpoint
{'Acc': 42.5, 'YofoAcc': 16.25}
Overwriting /home/grads/hzhang339/YOPO-server2/experiments/CIFAR100/pre-res18.yopo-5-3/log/models/epoch-13.checkpoint
{'Acc': 50.0, 'YofoAcc': 21.25}
Overwriting /home/grads/hzhang339/YOPO-server2/experiments/CIFAR100/pre-res18.yopo-5-3/log/models/epoch-14.checkpoint
{'Acc': 47.5, 'YofoAcc': 23.75}
Overwriting /home/grads/hzhang339/YOPO-server2/experiments/CIFAR100/pre-res18.yopo-5-3/log/models/epoch-15.checkpoint
{'Acc': 45.0, 'YofoAcc': 15.0}
Overwriting /home/grads/hzhang339/YOPO-server2/experiments/CIFAR100/pre-res18.yopo-5-3/log/models/epoch-16.checkpoint
{'Acc': 42.5, 'YofoAcc': 17.5}
Overwriting /home/grads/hzhang339/YOPO-server2/experiments/CIFAR100/pre-res18.yopo-5-3/log/models/epoch-17.checkpoint
{'Acc': 37.5, 'YofoAcc': 15.0}
Overwriting /home/grads/hzhang339/YOPO-server2/experiments/CIFAR100/pre-res18.yopo-5-3/log/models/epoch-18.checkpoint
{'Acc': 41.25, 'YofoAcc': 17.5}
Overwriting /home/grads/hzhang339/YOPO-server2/experiments/CIFAR100/pre-res18.yopo-5-3/log/models/epoch-19.checkpoint
{'Acc': 46.25, 'YofoAcc': 18.75}
Overwriting /home/grads/hzhang339/YOPO-server2/experiments/CIFAR100/pre-res18.yopo-5-3/log/models/epoch-20.checkpoint
{'Acc': 36.25, 'YofoAcc': 16.25}
Overwriting /home/grads/hzhang339/YOPO-server2/experiments/CIFAR100/pre-res18.yopo-5-3/log/models/epoch-21.checkpoint
{'Acc': 47.5, 'YofoAcc': 17.5}
Overwriting /home/grads/hzhang339/YOPO-server2/experiments/CIFAR100/pre-res18.yopo-5-3/log/models/epoch-22.checkpoint
{'Acc': 55.0, 'YofoAcc': 16.25}
Overwriting /home/grads/hzhang339/YOPO-server2/experiments/CIFAR100/pre-res18.yopo-5-3/log/models/epoch-23.checkpoint
{'Acc': 57.5, 'YofoAcc': 26.25}
Overwriting /home/grads/hzhang339/YOPO-server2/experiments/CIFAR100/pre-res18.yopo-5-3/log/models/epoch-24.checkpoint
{'Acc': 52.5, 'YofoAcc': 22.5}
Overwriting /home/grads/hzhang339/YOPO-server2/experiments/CIFAR100/pre-res18.yopo-5-3/log/models/epoch-25.checkpoint
{'Acc': 58.75, 'YofoAcc': 23.75}
Overwriting /home/grads/hzhang339/YOPO-server2/experiments/CIFAR100/pre-res18.yopo-5-3/log/models/epoch-26.checkpoint
{'Acc': 60.0, 'YofoAcc': 22.5}
Overwriting /home/grads/hzhang339/YOPO-server2/experiments/CIFAR100/pre-res18.yopo-5-3/log/models/epoch-27.checkpoint
{'Acc': 47.5, 'YofoAcc': 22.5}
Overwriting /home/grads/hzhang339/YOPO-server2/experiments/CIFAR100/pre-res18.yopo-5-3/log/models/epoch-28.checkpoint
{'Acc': 67.5, 'YofoAcc': 16.25}
Overwriting /home/grads/hzhang339/YOPO-server2/experiments/CIFAR100/pre-res18.yopo-5-3/log/models/epoch-29.checkpoint
{'Acc': 50.0, 'YofoAcc': 22.5}
Overwriting /home/grads/hzhang339/YOPO-server2/experiments/CIFAR100/pre-res18.yopo-5-3/log/models/epoch-30.checkpoint
{'Acc': 61.25, 'YofoAcc': 26.25}
Overwriting /home/grads/hzhang339/YOPO-server2/experiments/CIFAR100/pre-res18.yopo-5-3/log/models/epoch-31.checkpoint
{'Acc': 76.25, 'YofoAcc': 31.25}
Overwriting /home/grads/hzhang339/YOPO-server2/experiments/CIFAR100/pre-res18.yopo-5-3/log/models/epoch-32.checkpoint
{'Acc': 62.5, 'YofoAcc': 23.75}
Overwriting /home/grads/hzhang339/YOPO-server2/experiments/CIFAR100/pre-res18.yopo-5-3/log/models/epoch-33.checkpoint
{'Acc': 77.5, 'YofoAcc': 31.25}
Overwriting /home/grads/hzhang339/YOPO-server2/experiments/CIFAR100/pre-res18.yopo-5-3/log/models/epoch-34.checkpoint
{'Acc': 71.25, 'YofoAcc': 31.25}
Overwriting /home/grads/hzhang339/YOPO-server2/experiments/CIFAR100/pre-res18.yopo-5-3/log/models/epoch-35.checkpoint
{'Acc': 66.25, 'YofoAcc': 21.25}
Overwriting /home/grads/hzhang339/YOPO-server2/experiments/CIFAR100/pre-res18.yopo-5-3/log/models/epoch-36.checkpoint
{'Acc': 75.0, 'YofoAcc': 40.0}
Overwriting /home/grads/hzhang339/YOPO-server2/experiments/CIFAR100/pre-res18.yopo-5-3/log/models/epoch-37.checkpoint
Adding /home/grads/hzhang339/YOPO-server2/lib
Files already downloaded and verified
Files already downloaded and verified
{'Acc': 12.5, 'YofoAcc': 6.25}
Overwriting /home/grads/hzhang339/YOPO-server2/experiments/CIFAR100/pre-res18.yopo-5-3/log/models/epoch-1.checkpoint
{'Acc': 13.75, 'YofoAcc': 7.5}
Overwriting /home/grads/hzhang339/YOPO-server2/experiments/CIFAR100/pre-res18.yopo-5-3/log/models/epoch-2.checkpoint
{'Acc': 20.0, 'YofoAcc': 10.0}
Overwriting /home/grads/hzhang339/YOPO-server2/experiments/CIFAR100/pre-res18.yopo-5-3/log/models/epoch-3.checkpoint
{'Acc': 18.75, 'YofoAcc': 12.5}
Overwriting /home/grads/hzhang339/YOPO-server2/experiments/CIFAR100/pre-res18.yopo-5-3/log/models/epoch-4.checkpoint
{'Acc': 17.5, 'YofoAcc': 12.5}
Overwriting /home/grads/hzhang339/YOPO-server2/experiments/CIFAR100/pre-res18.yopo-5-3/log/models/epoch-5.checkpoint
{'Acc': 32.5, 'YofoAcc': 16.25}
Overwriting /home/grads/hzhang339/YOPO-server2/experiments/CIFAR100/pre-res18.yopo-5-3/log/models/epoch-6.checkpoint
{'Acc': 23.75, 'YofoAcc': 11.25}
Overwriting /home/grads/hzhang339/YOPO-server2/experiments/CIFAR100/pre-res18.yopo-5-3/log/models/epoch-7.checkpoint
{'Acc': 25.0, 'YofoAcc': 11.25}
Overwriting /home/grads/hzhang339/YOPO-server2/experiments/CIFAR100/pre-res18.yopo-5-3/log/models/epoch-8.checkpoint
{'Acc': 32.5, 'YofoAcc': 8.75}
Overwriting /home/grads/hzhang339/YOPO-server2/experiments/CIFAR100/pre-res18.yopo-5-3/log/models/epoch-9.checkpoint
{'Acc': 36.25, 'YofoAcc': 13.75}
Overwriting /home/grads/hzhang339/YOPO-server2/experiments/CIFAR100/pre-res18.yopo-5-3/log/models/epoch-10.checkpoint
{'Acc': 33.75, 'YofoAcc': 17.5}
Overwriting /home/grads/hzhang339/YOPO-server2/experiments/CIFAR100/pre-res18.yopo-5-3/log/models/epoch-11.checkpoint
{'Acc': 30.0, 'YofoAcc': 17.5}
Overwriting /home/grads/hzhang339/YOPO-server2/experiments/CIFAR100/pre-res18.yopo-5-3/log/models/epoch-12.checkpoint
{'Acc': 40.0, 'YofoAcc': 7.5}
Overwriting /home/grads/hzhang339/YOPO-server2/experiments/CIFAR100/pre-res18.yopo-5-3/log/models/epoch-13.checkpoint
{'Acc': 40.0, 'YofoAcc': 23.75}
Overwriting /home/grads/hzhang339/YOPO-server2/experiments/CIFAR100/pre-res18.yopo-5-3/log/models/epoch-14.checkpoint
{'Acc': 36.25, 'YofoAcc': 17.5}
Overwriting /home/grads/hzhang339/YOPO-server2/experiments/CIFAR100/pre-res18.yopo-5-3/log/models/epoch-15.checkpoint
{'Acc': 48.75, 'YofoAcc': 25.0}
Overwriting /home/grads/hzhang339/YOPO-server2/experiments/CIFAR100/pre-res18.yopo-5-3/log/models/epoch-16.checkpoint
{'Acc': 35.0, 'YofoAcc': 18.75}
Overwriting /home/grads/hzhang339/YOPO-server2/experiments/CIFAR100/pre-res18.yopo-5-3/log/models/epoch-17.checkpoint
{'Acc': 47.5, 'YofoAcc': 20.0}
Overwriting /home/grads/hzhang339/YOPO-server2/experiments/CIFAR100/pre-res18.yopo-5-3/log/models/epoch-18.checkpoint
{'Acc': 50.0, 'YofoAcc': 15.0}
Overwriting /home/grads/hzhang339/YOPO-server2/experiments/CIFAR100/pre-res18.yopo-5-3/log/models/epoch-19.checkpoint
{'Acc': 43.75, 'YofoAcc': 20.0}
Overwriting /home/grads/hzhang339/YOPO-server2/experiments/CIFAR100/pre-res18.yopo-5-3/log/models/epoch-20.checkpoint
{'Acc': 42.5, 'YofoAcc': 16.25}
Overwriting /home/grads/hzhang339/YOPO-server2/experiments/CIFAR100/pre-res18.yopo-5-3/log/models/epoch-21.checkpoint
{'Acc': 43.75, 'YofoAcc': 26.25}
Overwriting /home/grads/hzhang339/YOPO-server2/experiments/CIFAR100/pre-res18.yopo-5-3/log/models/epoch-22.checkpoint
{'Acc': 57.5, 'YofoAcc': 26.25}
Overwriting /home/grads/hzhang339/YOPO-server2/experiments/CIFAR100/pre-res18.yopo-5-3/log/models/epoch-23.checkpoint
{'Acc': 57.5, 'YofoAcc': 22.5}
Overwriting /home/grads/hzhang339/YOPO-server2/experiments/CIFAR100/pre-res18.yopo-5-3/log/models/epoch-24.checkpoint
{'Acc': 38.75, 'YofoAcc': 18.75}
Overwriting /home/grads/hzhang339/YOPO-server2/experiments/CIFAR100/pre-res18.yopo-5-3/log/models/epoch-25.checkpoint
{'Acc': 46.25, 'YofoAcc': 23.75}
Overwriting /home/grads/hzhang339/YOPO-server2/experiments/CIFAR100/pre-res18.yopo-5-3/log/models/epoch-26.checkpoint
{'Acc': 52.5, 'YofoAcc': 18.75}
Overwriting /home/grads/hzhang339/YOPO-server2/experiments/CIFAR100/pre-res18.yopo-5-3/log/models/epoch-27.checkpoint
{'Acc': 57.5, 'YofoAcc': 21.25}
Overwriting /home/grads/hzhang339/YOPO-server2/experiments/CIFAR100/pre-res18.yopo-5-3/log/models/epoch-28.checkpoint
{'Acc': 56.25, 'YofoAcc': 27.5}
Overwriting /home/grads/hzhang339/YOPO-server2/experiments/CIFAR100/pre-res18.yopo-5-3/log/models/epoch-29.checkpoint
{'Acc': 63.75, 'YofoAcc': 26.25}
Overwriting /home/grads/hzhang339/YOPO-server2/experiments/CIFAR100/pre-res18.yopo-5-3/log/models/epoch-30.checkpoint
{'Acc': 61.25, 'YofoAcc': 30.0}
Overwriting /home/grads/hzhang339/YOPO-server2/experiments/CIFAR100/pre-res18.yopo-5-3/log/models/epoch-31.checkpoint
{'Acc': 71.25, 'YofoAcc': 27.5}
Overwriting /home/grads/hzhang339/YOPO-server2/experiments/CIFAR100/pre-res18.yopo-5-3/log/models/epoch-32.checkpoint
{'Acc': 63.75, 'YofoAcc': 33.75}
Overwriting /home/grads/hzhang339/YOPO-server2/experiments/CIFAR100/pre-res18.yopo-5-3/log/models/epoch-33.checkpoint
{'Acc': 60.0, 'YofoAcc': 27.5}
Overwriting /home/grads/hzhang339/YOPO-server2/experiments/CIFAR100/pre-res18.yopo-5-3/log/models/epoch-34.checkpoint
{'Acc': 68.75, 'YofoAcc': 23.75}
Overwriting /home/grads/hzhang339/YOPO-server2/experiments/CIFAR100/pre-res18.yopo-5-3/log/models/epoch-35.checkpoint
{'Acc': 65.0, 'YofoAcc': 28.75}
Overwriting /home/grads/hzhang339/YOPO-server2/experiments/CIFAR100/pre-res18.yopo-5-3/log/models/epoch-36.checkpoint
{'Acc': 66.25, 'YofoAcc': 32.5}
Overwriting /home/grads/hzhang339/YOPO-server2/experiments/CIFAR100/pre-res18.yopo-5-3/log/models/epoch-37.checkpoint
Adding /home/grads/hzhang339/YOPO-server2/lib
Files already downloaded and verified
Files already downloaded and verified
{'Acc': 8.75, 'YofoAcc': 3.75}
Overwriting /home/grads/hzhang339/YOPO-server2/experiments/CIFAR100/pre-res18.yopo-5-3/log/models/epoch-1.checkpoint
{'Acc': 12.5, 'YofoAcc': 11.25}
Overwriting /home/grads/hzhang339/YOPO-server2/experiments/CIFAR100/pre-res18.yopo-5-3/log/models/epoch-2.checkpoint
{'Acc': 18.75, 'YofoAcc': 8.75}
Overwriting /home/grads/hzhang339/YOPO-server2/experiments/CIFAR100/pre-res18.yopo-5-3/log/models/epoch-3.checkpoint
{'Acc': 25.0, 'YofoAcc': 11.25}
Overwriting /home/grads/hzhang339/YOPO-server2/experiments/CIFAR100/pre-res18.yopo-5-3/log/models/epoch-4.checkpoint
{'Acc': 30.0, 'YofoAcc': 15.0}
Overwriting /home/grads/hzhang339/YOPO-server2/experiments/CIFAR100/pre-res18.yopo-5-3/log/models/epoch-5.checkpoint
{'Acc': 22.5, 'YofoAcc': 11.25}
Overwriting /home/grads/hzhang339/YOPO-server2/experiments/CIFAR100/pre-res18.yopo-5-3/log/models/epoch-6.checkpoint
{'Acc': 21.25, 'YofoAcc': 7.5}
Overwriting /home/grads/hzhang339/YOPO-server2/experiments/CIFAR100/pre-res18.yopo-5-3/log/models/epoch-7.checkpoint
{'Acc': 33.75, 'YofoAcc': 21.25}
Overwriting /home/grads/hzhang339/YOPO-server2/experiments/CIFAR100/pre-res18.yopo-5-3/log/models/epoch-8.checkpoint
{'Acc': 30.0, 'YofoAcc': 13.75}
Overwriting /home/grads/hzhang339/YOPO-server2/experiments/CIFAR100/pre-res18.yopo-5-3/log/models/epoch-9.checkpoint
{'Acc': 41.25, 'YofoAcc': 17.5}
Overwriting /home/grads/hzhang339/YOPO-server2/experiments/CIFAR100/pre-res18.yopo-5-3/log/models/epoch-10.checkpoint
{'Acc': 43.75, 'YofoAcc': 12.5}
Overwriting /home/grads/hzhang339/YOPO-server2/experiments/CIFAR100/pre-res18.yopo-5-3/log/models/epoch-11.checkpoint
{'Acc': 33.75, 'YofoAcc': 13.75}
Overwriting /home/grads/hzhang339/YOPO-server2/experiments/CIFAR100/pre-res18.yopo-5-3/log/models/epoch-12.checkpoint
{'Acc': 38.75, 'YofoAcc': 17.5}
Overwriting /home/grads/hzhang339/YOPO-server2/experiments/CIFAR100/pre-res18.yopo-5-3/log/models/epoch-13.checkpoint
{'Acc': 47.5, 'YofoAcc': 17.5}
Overwriting /home/grads/hzhang339/YOPO-server2/experiments/CIFAR100/pre-res18.yopo-5-3/log/models/epoch-14.checkpoint
{'Acc': 40.0, 'YofoAcc': 15.0}
Overwriting /home/grads/hzhang339/YOPO-server2/experiments/CIFAR100/pre-res18.yopo-5-3/log/models/epoch-15.checkpoint
{'Acc': 55.0, 'YofoAcc': 21.25}
Overwriting /home/grads/hzhang339/YOPO-server2/experiments/CIFAR100/pre-res18.yopo-5-3/log/models/epoch-16.checkpoint
{'Acc': 42.5, 'YofoAcc': 17.5}
Overwriting /home/grads/hzhang339/YOPO-server2/experiments/CIFAR100/pre-res18.yopo-5-3/log/models/epoch-17.checkpoint
{'Acc': 41.25, 'YofoAcc': 18.75}
Overwriting /home/grads/hzhang339/YOPO-server2/experiments/CIFAR100/pre-res18.yopo-5-3/log/models/epoch-18.checkpoint
