000 (17809.000.000) 03/31 20:22:57 Job submitted from host: <10.37.0.9:9618?addrs=10.37.0.9-9618+[--1]-9618&noUDP&sock=986_e478_3>
...
001 (17809.000.000) 04/01 02:35:04 Job executing on host: <10.37.2.77:9618?addrs=10.37.2.77-9618+[--1]-9618&noUDP&sock=162_b26e_3>
...
006 (17809.000.000) 04/01 02:35:13 Image size of job updated: 3203236
	3119  -  MemoryUsage of job (MB)
	3192996  -  ResidentSetSize of job (KB)
...
006 (17809.000.000) 04/01 02:40:14 Image size of job updated: 3646464
	3546  -  MemoryUsage of job (MB)
	3631052  -  ResidentSetSize of job (KB)
...
006 (17809.000.000) 04/01 02:55:15 Image size of job updated: 3649528
	3549  -  MemoryUsage of job (MB)
	3634116  -  ResidentSetSize of job (KB)
...
006 (17809.000.000) 04/01 04:35:25 Image size of job updated: 3650104
	3550  -  MemoryUsage of job (MB)
	3634692  -  ResidentSetSize of job (KB)
...
006 (17809.000.000) 04/01 05:15:30 Image size of job updated: 3650480
	3550  -  MemoryUsage of job (MB)
	3635068  -  ResidentSetSize of job (KB)
...
006 (17809.000.000) 04/01 05:30:31 Image size of job updated: 3650484
	3550  -  MemoryUsage of job (MB)
	3635072  -  ResidentSetSize of job (KB)
...
006 (17809.000.000) 04/01 05:45:32 Image size of job updated: 3650604
	3550  -  MemoryUsage of job (MB)
	3635192  -  ResidentSetSize of job (KB)
...
006 (17809.000.000) 04/01 06:35:38 Image size of job updated: 3650696
	3551  -  MemoryUsage of job (MB)
	3635284  -  ResidentSetSize of job (KB)
...
005 (17809.000.000) 04/01 07:30:04 Job terminated.
	(1) Normal termination (return value 1)
		Usr 0 03:38:30, Sys 0 01:26:07  -  Run Remote Usage
		Usr 0 00:00:00, Sys 0 00:00:00  -  Run Local Usage
		Usr 0 03:38:30, Sys 0 01:26:07  -  Total Remote Usage
		Usr 0 00:00:00, Sys 0 00:00:00  -  Total Local Usage
	0  -  Run Bytes Sent By Job
	0  -  Run Bytes Received By Job
	0  -  Total Bytes Sent By Job
	0  -  Total Bytes Received By Job
	Partitionable Resources :    Usage  Request Allocated
	   Cpus                 :                 1         3
	   Disk (KB)            :        2        2  48322048
	   Gpus                 :                           1
	   Memory (MB)          :     3551        1    131072
...
000 (17829.000.000) 04/01 10:50:52 Job submitted from host: <10.37.0.9:9618?addrs=10.37.0.9-9618+[--1]-9618&noUDP&sock=986_e478_3>
...
001 (17829.000.000) 04/01 10:50:52 Job executing on host: <10.37.2.70:9618?addrs=10.37.2.70-9618+[--1]-9618&noUDP&sock=159_a3a5_3>
...
006 (17829.000.000) 04/01 10:51:01 Image size of job updated: 1977388
	1677  -  MemoryUsage of job (MB)
	1716940  -  ResidentSetSize of job (KB)
...
006 (17829.000.000) 04/01 10:56:03 Image size of job updated: 4072176
	3548  -  MemoryUsage of job (MB)
	3632908  -  ResidentSetSize of job (KB)
...
006 (17829.000.000) 04/01 11:11:03 Image size of job updated: 4074900
	3549  -  MemoryUsage of job (MB)
	3633972  -  ResidentSetSize of job (KB)
...
006 (17829.000.000) 04/01 11:16:04 Image size of job updated: 4075028
	3549  -  MemoryUsage of job (MB)
	3634100  -  ResidentSetSize of job (KB)
...
006 (17829.000.000) 04/01 14:56:25 Image size of job updated: 4124416
	3597  -  MemoryUsage of job (MB)
	3682712  -  ResidentSetSize of job (KB)
...
006 (17829.000.000) 04/02 09:03:19 Image size of job updated: 4128884
	3597  -  MemoryUsage of job (MB)
	3682712  -  ResidentSetSize of job (KB)
...
