000 (14649.000.000) 03/30 15:18:26 Job submitted from host: <10.37.0.3:9618?addrs=10.37.0.3-9618+[--1]-9618&noUDP&sock=976_0886_3>
...
001 (14649.000.000) 03/30 17:13:32 Job executing on host: <10.37.0.234:9618?addrs=10.37.0.234-9618+[--1]-9618&noUDP&sock=2283_86ce_3>
...
007 (14649.000.000) 03/30 17:13:32 Shadow exception!
	Error from v100d2.cs.cityu.edu.hk: Failed to execute '/home/grads/hzhang339/YOPO-You-Only-Propagate-Once/cifar10-res34.sh': (errno=13: 'Permission denied')
	0  -  Run Bytes Sent By Job
	0  -  Run Bytes Received By Job
...
012 (14649.000.000) 03/30 17:13:32 Job was held.
	Error from v100d2.cs.cityu.edu.hk: Failed to execute '/home/grads/hzhang339/YOPO-You-Only-Propagate-Once/cifar10-res34.sh': (errno=13: 'Permission denied')
	Code 6 Subcode 13
...
009 (14649.000.000) 03/30 18:00:26 Job was aborted by the user.
	via condor_rm (by user hzhang339)
...
000 (14653.000.000) 03/30 18:00:50 Job submitted from host: <10.37.0.3:9618?addrs=10.37.0.3-9618+[--1]-9618&noUDP&sock=976_0886_3>
...
001 (14653.000.000) 03/30 18:23:54 Job executing on host: <10.37.0.239:9618?addrs=10.37.0.239-9618+[--1]-9618&noUDP&sock=1448_c939_3>
...
007 (14653.000.000) 03/30 18:23:54 Shadow exception!
	Error from v100d7.cs.cityu.edu.hk: Failed to execute '/home/grads/hzhang339/YOPO-You-Only-Propagate-Once/cifar10-res34.sh': (errno=8: 'Exec format error')
	0  -  Run Bytes Sent By Job
	0  -  Run Bytes Received By Job
...
012 (14653.000.000) 03/30 18:23:54 Job was held.
	Error from v100d7.cs.cityu.edu.hk: Failed to execute '/home/grads/hzhang339/YOPO-You-Only-Propagate-Once/cifar10-res34.sh': (errno=8: 'Exec format error')
	Code 6 Subcode 8
...
009 (14653.000.000) 03/30 19:03:17 Job was aborted by the user.
	via condor_rm (by user hzhang339)
...
000 (17794.000.000) 03/31 15:23:32 Job submitted from host: <10.37.0.9:9618?addrs=10.37.0.9-9618+[--1]-9618&noUDP&sock=986_e478_3>
...
001 (17794.000.000) 03/31 16:05:00 Job executing on host: <10.37.0.63:9618?addrs=10.37.0.63-9618+[--1]-9618&noUDP&sock=1796_7c2e_3>
...
006 (17794.000.000) 03/31 16:05:09 Image size of job updated: 1520700
	1378  -  MemoryUsage of job (MB)
	1410708  -  ResidentSetSize of job (KB)
...
006 (17794.000.000) 03/31 16:10:10 Image size of job updated: 1635428
	1478  -  MemoryUsage of job (MB)
	1513312  -  ResidentSetSize of job (KB)
...
006 (17794.000.000) 03/31 16:15:10 Image size of job updated: 1640072
	1480  -  MemoryUsage of job (MB)
	1515224  -  ResidentSetSize of job (KB)
...
006 (17794.000.000) 03/31 16:20:10 Image size of job updated: 1641040
	1481  -  MemoryUsage of job (MB)
	1516180  -  ResidentSetSize of job (KB)
...
006 (17794.000.000) 03/31 16:25:11 Image size of job updated: 1641084
	1481  -  MemoryUsage of job (MB)
	1516224  -  ResidentSetSize of job (KB)
...
006 (17794.000.000) 03/31 16:30:12 Image size of job updated: 1641192
	1481  -  MemoryUsage of job (MB)
	1516256  -  ResidentSetSize of job (KB)
...
006 (17794.000.000) 03/31 16:35:13 Image size of job updated: 1641248
	1481  -  MemoryUsage of job (MB)
	1516260  -  ResidentSetSize of job (KB)
...
006 (17794.000.000) 03/31 16:40:13 Image size of job updated: 1641608
	1482  -  MemoryUsage of job (MB)
	1516620  -  ResidentSetSize of job (KB)
...
006 (17794.000.000) 03/31 16:45:13 Image size of job updated: 1641608
	1482  -  MemoryUsage of job (MB)
	1516628  -  ResidentSetSize of job (KB)
...
006 (17794.000.000) 03/31 16:50:15 Image size of job updated: 1651348
	1491  -  MemoryUsage of job (MB)
	1526336  -  ResidentSetSize of job (KB)
...
006 (17794.000.000) 03/31 16:55:16 Image size of job updated: 1651628
	1491  -  MemoryUsage of job (MB)
	1526616  -  ResidentSetSize of job (KB)
...
006 (17794.000.000) 03/31 17:00:16 Image size of job updated: 1652084
	1492  -  MemoryUsage of job (MB)
	1527060  -  ResidentSetSize of job (KB)
...
006 (17794.000.000) 03/31 17:05:16 Image size of job updated: 1652084
	1492  -  MemoryUsage of job (MB)
	1527108  -  ResidentSetSize of job (KB)
...
006 (17794.000.000) 03/31 17:10:18 Image size of job updated: 1652392
	1492  -  MemoryUsage of job (MB)
	1527368  -  ResidentSetSize of job (KB)
...
006 (17794.000.000) 03/31 17:15:19 Image size of job updated: 1652416
	1492  -  MemoryUsage of job (MB)
	1527392  -  ResidentSetSize of job (KB)
...
006 (17794.000.000) 03/31 17:20:19 Image size of job updated: 1652424
	1492  -  MemoryUsage of job (MB)
	1527400  -  ResidentSetSize of job (KB)
...
006 (17794.000.000) 03/31 17:25:19 Image size of job updated: 1652592
	1492  -  MemoryUsage of job (MB)
	1527620  -  ResidentSetSize of job (KB)
...
006 (17794.000.000) 03/31 20:45:38 Image size of job updated: 1652980
	1493  -  MemoryUsage of job (MB)
	1527836  -  ResidentSetSize of job (KB)
...
006 (17794.000.000) 03/31 20:50:40 Image size of job updated: 1652980
	1493  -  MemoryUsage of job (MB)
	1527888  -  ResidentSetSize of job (KB)
...
006 (17794.000.000) 03/31 20:55:40 Image size of job updated: 1653060
	1493  -  MemoryUsage of job (MB)
	1527916  -  ResidentSetSize of job (KB)
...
006 (17794.000.000) 03/31 21:00:40 Image size of job updated: 1653092
	1493  -  MemoryUsage of job (MB)
	1527948  -  ResidentSetSize of job (KB)
...
006 (17794.000.000) 03/31 21:05:40 Image size of job updated: 1653096
	1493  -  MemoryUsage of job (MB)
	1527952  -  ResidentSetSize of job (KB)
...
006 (17794.000.000) 03/31 21:10:42 Image size of job updated: 1653096
	1493  -  MemoryUsage of job (MB)
	1527964  -  ResidentSetSize of job (KB)
...
006 (17794.000.000) 03/31 21:15:42 Image size of job updated: 1653132
	1493  -  MemoryUsage of job (MB)
	1527988  -  ResidentSetSize of job (KB)
...
006 (17794.000.000) 03/31 21:20:42 Image size of job updated: 1653140
	1493  -  MemoryUsage of job (MB)
	1527996  -  ResidentSetSize of job (KB)
...
006 (17794.000.000) 03/31 22:00:47 Image size of job updated: 1653140
	1493  -  MemoryUsage of job (MB)
	1528092  -  ResidentSetSize of job (KB)
...
006 (17794.000.000) 03/31 22:05:48 Image size of job updated: 1653140
	1493  -  MemoryUsage of job (MB)
	1528128  -  ResidentSetSize of job (KB)
...
006 (17794.000.000) 03/31 22:10:48 Image size of job updated: 1653140
	1493  -  MemoryUsage of job (MB)
	1528160  -  ResidentSetSize of job (KB)
...
006 (17794.000.000) 03/31 22:15:49 Image size of job updated: 1653140
	1493  -  MemoryUsage of job (MB)
	1528196  -  ResidentSetSize of job (KB)
...
006 (17794.000.000) 03/31 22:20:49 Image size of job updated: 1653140
	1493  -  MemoryUsage of job (MB)
	1528204  -  ResidentSetSize of job (KB)
...
006 (17794.000.000) 03/31 22:25:50 Image size of job updated: 1653140
	1493  -  MemoryUsage of job (MB)
	1528220  -  ResidentSetSize of job (KB)
...
006 (17794.000.000) 03/31 22:30:50 Image size of job updated: 1653140
	1493  -  MemoryUsage of job (MB)
	1528240  -  ResidentSetSize of job (KB)
...
006 (17794.000.000) 03/31 22:35:51 Image size of job updated: 1653140
	1493  -  MemoryUsage of job (MB)
	1528252  -  ResidentSetSize of job (KB)
...
006 (17794.000.000) 03/31 22:45:52 Image size of job updated: 1653140
	1493  -  MemoryUsage of job (MB)
	1528384  -  ResidentSetSize of job (KB)
...
006 (17794.000.000) 03/31 22:50:52 Image size of job updated: 1653140
	1493  -  MemoryUsage of job (MB)
	1528428  -  ResidentSetSize of job (KB)
...
006 (17794.000.000) 03/31 22:55:52 Image size of job updated: 1653140
	1493  -  MemoryUsage of job (MB)
	1528476  -  ResidentSetSize of job (KB)
...
006 (17794.000.000) 03/31 23:00:53 Image size of job updated: 1653160
	1493  -  MemoryUsage of job (MB)
	1528500  -  ResidentSetSize of job (KB)
...
006 (17794.000.000) 03/31 23:06:01 Image size of job updated: 1653168
	1493  -  MemoryUsage of job (MB)
	1528508  -  ResidentSetSize of job (KB)
...
006 (17794.000.000) 03/31 23:11:01 Image size of job updated: 1653168
	1493  -  MemoryUsage of job (MB)
	1528520  -  ResidentSetSize of job (KB)
...
006 (17794.000.000) 03/31 23:16:01 Image size of job updated: 1653204
	1493  -  MemoryUsage of job (MB)
	1528544  -  ResidentSetSize of job (KB)
...
006 (17794.000.000) 04/01 00:36:10 Image size of job updated: 1653240
	1493  -  MemoryUsage of job (MB)
	1528580  -  ResidentSetSize of job (KB)
...
006 (17794.000.000) 04/01 02:06:19 Image size of job updated: 1653248
	1493  -  MemoryUsage of job (MB)
	1528604  -  ResidentSetSize of job (KB)
...
006 (17794.000.000) 04/01 02:11:19 Image size of job updated: 1653272
	1493  -  MemoryUsage of job (MB)
	1528628  -  ResidentSetSize of job (KB)
...
006 (17794.000.000) 04/01 02:16:19 Image size of job updated: 1653272
	1493  -  MemoryUsage of job (MB)
	1528648  -  ResidentSetSize of job (KB)
...
006 (17794.000.000) 04/01 02:21:20 Image size of job updated: 1653312
	1493  -  MemoryUsage of job (MB)
	1528668  -  ResidentSetSize of job (KB)
...
006 (17794.000.000) 04/01 02:26:21 Image size of job updated: 1653328
	1493  -  MemoryUsage of job (MB)
	1528684  -  ResidentSetSize of job (KB)
...
006 (17794.000.000) 04/01 02:31:21 Image size of job updated: 1653340
	1493  -  MemoryUsage of job (MB)
	1528696  -  ResidentSetSize of job (KB)
...
006 (17794.000.000) 04/01 04:11:31 Image size of job updated: 1653340
	1493  -  MemoryUsage of job (MB)
	1528700  -  ResidentSetSize of job (KB)
...
006 (17794.000.000) 04/01 04:16:33 Image size of job updated: 1653340
	1493  -  MemoryUsage of job (MB)
	1528712  -  ResidentSetSize of job (KB)
...
006 (17794.000.000) 04/01 04:21:33 Image size of job updated: 1653340
	1493  -  MemoryUsage of job (MB)
	1528720  -  ResidentSetSize of job (KB)
...
006 (17794.000.000) 04/01 04:26:33 Image size of job updated: 1653340
	1493  -  MemoryUsage of job (MB)
	1528740  -  ResidentSetSize of job (KB)
...
006 (17794.000.000) 04/01 04:51:35 Image size of job updated: 1653340
	1493  -  MemoryUsage of job (MB)
	1528760  -  ResidentSetSize of job (KB)
...
006 (17794.000.000) 04/01 04:56:37 Image size of job updated: 1653340
	1493  -  MemoryUsage of job (MB)
	1528776  -  ResidentSetSize of job (KB)
...
006 (17794.000.000) 04/01 05:06:37 Image size of job updated: 1653340
	1493  -  MemoryUsage of job (MB)
	1528780  -  ResidentSetSize of job (KB)
...
006 (17794.000.000) 04/01 05:11:37 Image size of job updated: 1653340
	1493  -  MemoryUsage of job (MB)
	1528796  -  ResidentSetSize of job (KB)
...
006 (17794.000.000) 04/01 05:51:42 Image size of job updated: 1662288
	1507  -  MemoryUsage of job (MB)
	1542996  -  ResidentSetSize of job (KB)
...
006 (17794.000.000) 04/01 05:56:42 Image size of job updated: 1662332
	1507  -  MemoryUsage of job (MB)
	1543040  -  ResidentSetSize of job (KB)
...
006 (17794.000.000) 04/01 06:01:43 Image size of job updated: 1662356
	1507  -  MemoryUsage of job (MB)
	1543064  -  ResidentSetSize of job (KB)
...
006 (17794.000.000) 04/01 06:06:43 Image size of job updated: 1662404
	1507  -  MemoryUsage of job (MB)
	1543112  -  ResidentSetSize of job (KB)
...
006 (17794.000.000) 04/01 06:11:44 Image size of job updated: 1662416
	1507  -  MemoryUsage of job (MB)
	1543124  -  ResidentSetSize of job (KB)
...
006 (17794.000.000) 04/01 06:16:44 Image size of job updated: 1662436
	1507  -  MemoryUsage of job (MB)
	1543144  -  ResidentSetSize of job (KB)
...
006 (17794.000.000) 04/01 06:21:45 Image size of job updated: 1662436
	1507  -  MemoryUsage of job (MB)
	1543152  -  ResidentSetSize of job (KB)
...
006 (17794.000.000) 04/01 06:26:45 Image size of job updated: 1662448
	1508  -  MemoryUsage of job (MB)
	1543172  -  ResidentSetSize of job (KB)
...
005 (17794.000.000) 04/01 07:28:56 Job terminated.
	(1) Normal termination (return value 1)
		Usr 0 11:00:21, Sys 0 04:26:39  -  Run Remote Usage
		Usr 0 00:00:00, Sys 0 00:00:00  -  Run Local Usage
		Usr 0 11:00:21, Sys 0 04:26:39  -  Total Remote Usage
		Usr 0 00:00:00, Sys 0 00:00:00  -  Total Local Usage
	0  -  Run Bytes Sent By Job
	0  -  Run Bytes Received By Job
	0  -  Total Bytes Sent By Job
	0  -  Total Bytes Received By Job
	Partitionable Resources :    Usage  Request Allocated
	   Cpus                 :                 1         3
	   Disk (KB)            :        2        2  86406636
	   Gpus                 :                           1
	   Memory (MB)          :     1508        1     64465
...
000 (17823.000.000) 04/01 10:49:28 Job submitted from host: <10.37.0.9:9618?addrs=10.37.0.9-9618+[--1]-9618&noUDP&sock=986_e478_3>
...
001 (17823.000.000) 04/01 10:49:28 Job executing on host: <10.37.0.61:9618?addrs=10.37.0.61-9618+[--1]-9618&noUDP&sock=929_cb92_3>
...
006 (17823.000.000) 04/01 10:49:37 Image size of job updated: 767016
	588  -  MemoryUsage of job (MB)
	602000  -  ResidentSetSize of job (KB)
...
006 (17823.000.000) 04/01 10:54:39 Image size of job updated: 1856624
	1474  -  MemoryUsage of job (MB)
	1508476  -  ResidentSetSize of job (KB)
...
006 (17823.000.000) 04/01 10:59:39 Image size of job updated: 1856676
	1474  -  MemoryUsage of job (MB)
	1508528  -  ResidentSetSize of job (KB)
...
006 (17823.000.000) 04/01 11:04:39 Image size of job updated: 1856728
	1474  -  MemoryUsage of job (MB)
	1508580  -  ResidentSetSize of job (KB)
...
006 (17823.000.000) 04/01 11:09:39 Image size of job updated: 1856764
	1474  -  MemoryUsage of job (MB)
	1508616  -  ResidentSetSize of job (KB)
...
006 (17823.000.000) 04/01 11:14:40 Image size of job updated: 1856780
	1474  -  MemoryUsage of job (MB)
	1508632  -  ResidentSetSize of job (KB)
...
006 (17823.000.000) 04/01 11:19:42 Image size of job updated: 1856808
	1474  -  MemoryUsage of job (MB)
	1508660  -  ResidentSetSize of job (KB)
...
006 (17823.000.000) 04/01 11:24:42 Image size of job updated: 1856828
	1474  -  MemoryUsage of job (MB)
	1508680  -  ResidentSetSize of job (KB)
...
006 (17823.000.000) 04/01 11:34:42 Image size of job updated: 1872028
	1488  -  MemoryUsage of job (MB)
	1523364  -  ResidentSetSize of job (KB)
...
006 (17823.000.000) 04/01 11:39:43 Image size of job updated: 1872724
	1489  -  MemoryUsage of job (MB)
	1524060  -  ResidentSetSize of job (KB)
...
006 (17823.000.000) 04/01 11:44:44 Image size of job updated: 1873356
	1489  -  MemoryUsage of job (MB)
	1524692  -  ResidentSetSize of job (KB)
...
006 (17823.000.000) 04/01 11:49:44 Image size of job updated: 1873508
	1490  -  MemoryUsage of job (MB)
	1524844  -  ResidentSetSize of job (KB)
...
006 (17823.000.000) 04/01 11:54:44 Image size of job updated: 1873652
	1490  -  MemoryUsage of job (MB)
	1524988  -  ResidentSetSize of job (KB)
...
006 (17823.000.000) 04/01 11:59:44 Image size of job updated: 1873664
	1490  -  MemoryUsage of job (MB)
	1525000  -  ResidentSetSize of job (KB)
...
006 (17823.000.000) 04/01 12:04:45 Image size of job updated: 1875072
	1491  -  MemoryUsage of job (MB)
	1526408  -  ResidentSetSize of job (KB)
...
006 (17823.000.000) 04/01 12:09:46 Image size of job updated: 1875076
	1491  -  MemoryUsage of job (MB)
	1526412  -  ResidentSetSize of job (KB)
...
006 (17823.000.000) 04/01 13:34:53 Image size of job updated: 1876008
	1491  -  MemoryUsage of job (MB)
	1526692  -  ResidentSetSize of job (KB)
...
006 (17823.000.000) 04/01 13:39:53 Image size of job updated: 1876052
	1491  -  MemoryUsage of job (MB)
	1526736  -  ResidentSetSize of job (KB)
...
006 (17823.000.000) 04/01 13:44:54 Image size of job updated: 1876072
	1491  -  MemoryUsage of job (MB)
	1526756  -  ResidentSetSize of job (KB)
...
006 (17823.000.000) 04/01 13:49:55 Image size of job updated: 1876088
	1491  -  MemoryUsage of job (MB)
	1526772  -  ResidentSetSize of job (KB)
...
006 (17823.000.000) 04/01 13:54:55 Image size of job updated: 1876092
	1491  -  MemoryUsage of job (MB)
	1526776  -  ResidentSetSize of job (KB)
...
006 (17823.000.000) 04/01 13:59:55 Image size of job updated: 1876100
	1491  -  MemoryUsage of job (MB)
	1526784  -  ResidentSetSize of job (KB)
...
006 (17823.000.000) 04/01 14:04:55 Image size of job updated: 1876112
	1492  -  MemoryUsage of job (MB)
	1526796  -  ResidentSetSize of job (KB)
...
006 (17823.000.000) 04/01 17:45:18 Image size of job updated: 1876496
	1492  -  MemoryUsage of job (MB)
	1527180  -  ResidentSetSize of job (KB)
...
006 (17823.000.000) 04/01 17:50:18 Image size of job updated: 1876508
	1492  -  MemoryUsage of job (MB)
	1527192  -  ResidentSetSize of job (KB)
...
006 (17823.000.000) 04/01 17:55:18 Image size of job updated: 1876512
	1492  -  MemoryUsage of job (MB)
	1527196  -  ResidentSetSize of job (KB)
...
006 (17823.000.000) 04/01 22:25:46 Image size of job updated: 1876756
	1492  -  MemoryUsage of job (MB)
	1527440  -  ResidentSetSize of job (KB)
...
006 (17823.000.000) 04/01 22:30:46 Image size of job updated: 1877692
	1493  -  MemoryUsage of job (MB)
	1528376  -  ResidentSetSize of job (KB)
...
006 (17823.000.000) 04/01 22:35:47 Image size of job updated: 1877728
	1493  -  MemoryUsage of job (MB)
	1528412  -  ResidentSetSize of job (KB)
...
006 (17823.000.000) 04/01 22:40:48 Image size of job updated: 1877772
	1493  -  MemoryUsage of job (MB)
	1528456  -  ResidentSetSize of job (KB)
...
006 (17823.000.000) 04/01 22:45:48 Image size of job updated: 1877788
	1493  -  MemoryUsage of job (MB)
	1528472  -  ResidentSetSize of job (KB)
...
006 (17823.000.000) 04/01 22:50:48 Image size of job updated: 1877792
	1493  -  MemoryUsage of job (MB)
	1528476  -  ResidentSetSize of job (KB)
...
006 (17823.000.000) 04/01 22:55:48 Image size of job updated: 1877796
	1493  -  MemoryUsage of job (MB)
	1528480  -  ResidentSetSize of job (KB)
...
006 (17823.000.000) 04/01 23:00:49 Image size of job updated: 1877808
	1493  -  MemoryUsage of job (MB)
	1528492  -  ResidentSetSize of job (KB)
...
006 (17823.000.000) 04/02 03:21:22 Image size of job updated: 1878856
	1494  -  MemoryUsage of job (MB)
	1529540  -  ResidentSetSize of job (KB)
...
006 (17823.000.000) 04/02 03:26:22 Image size of job updated: 1878860
	1494  -  MemoryUsage of job (MB)
	1529544  -  ResidentSetSize of job (KB)
...
006 (17823.000.000) 04/02 03:31:23 Image size of job updated: 1878872
	1494  -  MemoryUsage of job (MB)
	1529556  -  ResidentSetSize of job (KB)
...
